[ 2019-10-03T12:40:39+08:00 ] 127.0.0.1 /
INFO: [ app_init ] --START--
INFO: Run Behavior\BuildLiteBehavior [ RunTime:0.000000s ]
INFO: [ app_init ] --END-- [ RunTime:0.001000s ]
INFO: [ app_begin ] --START--
INFO: Run Behavior\ReadHtmlCacheBehavior [ RunTime:0.001000s ]
INFO: [ app_begin ] --END-- [ RunTime:0.001000s ]
SQL: SHOW COLUMNS FROM `dt_task` [ RunTime:0.0040s ]
NOTIC: [8] Only variables should be passed by reference D:\wamp\www\pan\douzhan3\ThinkPHP\Library\Think\Db\Driver.class.php 第 769 行.
SQL: SELECT `id`,`title`,`level`,`price`,`create_time`,`max_num`,`apply_num`,max_num-apply_num as leftnum,`tasklb` FROM `dt_task` WHERE `status` = 1 ORDER BY `id` desc LIMIT 1000   [ RunTime:0.0010s ]
SQL: SHOW COLUMNS FROM `dt_level` [ RunTime:0.0030s ]
NOTIC: [8] Only variables should be passed by reference D:\wamp\www\pan\douzhan3\ThinkPHP\Library\Think\Db\Driver.class.php 第 769 行.
SQL: SELECT * FROM `dt_level` ORDER BY `id` asc  [ RunTime:0.0000s ]
SQL: SHOW COLUMNS FROM `dt_member` [ RunTime:0.0030s ]
SQL: SELECT `price` FROM `dt_member` WHERE `id` = 88888 LIMIT 1   [ RunTime:0.0000s ]
SQL: SELECT COUNT(*) AS tp_count FROM `dt_member` LIMIT 1   [ RunTime:0.0010s ]
SQL: SHOW COLUMNS FROM `dt_member_tixian` [ RunTime:0.0030s ]
SQL: SELECT SUM(price) AS tp_sum FROM `dt_member_tixian` WHERE `status` = 1 LIMIT 1   [ RunTime:0.0010s ]
SQL: SHOW COLUMNS FROM `dt_page` [ RunTime:0.0030s ]
NOTIC: [8] Only variables should be passed by reference D:\wamp\www\pan\douzhan3\ThinkPHP\Library\Think\Db\Driver.class.php 第 769 行.
SQL: SELECT `id`,`title`,`update_time` FROM `dt_page` WHERE `recommend` = 1 ORDER BY `update_time` asc LIMIT 3   [ RunTime:0.0000s ]
INFO: [ view_parse ] --START--
INFO: [ template_filter ] --START--
INFO: Run Behavior\ContentReplaceBehavior [ RunTime:0.001000s ]
INFO: [ template_filter ] --END-- [ RunTime:0.001000s ]
NOTIC: [8] Undefined variable: version D:\wamp\www\pan\douzhan3\Runtime\Cache\Home\d678f280cf84122e981f201997603ea5.php 第 12 行.
INFO: Run Behavior\ParseTemplateBehavior [ RunTime:0.022002s ]
INFO: [ view_parse ] --END-- [ RunTime:0.022002s ]
INFO: [ view_filter ] --START--
INFO: Run Behavior\WriteHtmlCacheBehavior [ RunTime:0.000000s ]
INFO: [ view_filter ] --END-- [ RunTime:0.001000s ]
INFO: [ app_end ] --START--
INFO: Run Behavior\ShowPageTraceBehavior [ RunTime:0.001000s ]
INFO: [ app_end ] --END-- [ RunTime:0.001000s ]

[ 2019-10-03T12:40:46+08:00 ] 127.0.0.1 /
INFO: [ app_init ] --START--
INFO: Run Behavior\BuildLiteBehavior [ RunTime:0.000000s ]
INFO: [ app_init ] --END-- [ RunTime:0.000000s ]
INFO: [ app_begin ] --START--
INFO: Run Behavior\ReadHtmlCacheBehavior [ RunTime:0.001000s ]
INFO: [ app_begin ] --END-- [ RunTime:0.001000s ]
SQL: SHOW COLUMNS FROM `dt_task` [ RunTime:0.0020s ]
NOTIC: [8] Only variables should be passed by reference D:\wamp\www\pan\douzhan3\ThinkPHP\Library\Think\Db\Driver.class.php 第 769 行.
SQL: SELECT `id`,`title`,`level`,`price`,`create_time`,`max_num`,`apply_num`,max_num-apply_num as leftnum,`tasklb` FROM `dt_task` WHERE `status` = 1 ORDER BY `id` desc LIMIT 1000   [ RunTime:0.0000s ]
SQL: SHOW COLUMNS FROM `dt_level` [ RunTime:0.0010s ]
NOTIC: [8] Only variables should be passed by reference D:\wamp\www\pan\douzhan3\ThinkPHP\Library\Think\Db\Driver.class.php 第 769 行.
SQL: SELECT * FROM `dt_level` ORDER BY `id` asc  [ RunTime:0.0000s ]
SQL: SHOW COLUMNS FROM `dt_member` [ RunTime:0.0010s ]
SQL: SELECT `price` FROM `dt_member` WHERE `id` = 88888 LIMIT 1   [ RunTime:0.0000s ]
SQL: SELECT COUNT(*) AS tp_count FROM `dt_member` LIMIT 1   [ RunTime:0.0000s ]
SQL: SHOW COLUMNS FROM `dt_member_tixian` [ RunTime:0.0010s ]
SQL: SELECT SUM(price) AS tp_sum FROM `dt_member_tixian` WHERE `status` = 1 LIMIT 1   [ RunTime:0.0010s ]
SQL: SHOW COLUMNS FROM `dt_page` [ RunTime:0.0010s ]
NOTIC: [8] Only variables should be passed by reference D:\wamp\www\pan\douzhan3\ThinkPHP\Library\Think\Db\Driver.class.php 第 769 行.
SQL: SELECT `id`,`title`,`update_time` FROM `dt_page` WHERE `recommend` = 1 ORDER BY `update_time` asc LIMIT 3   [ RunTime:0.0000s ]
INFO: [ view_parse ] --START--
INFO: [ template_filter ] --START--
INFO: Run Behavior\ContentReplaceBehavior [ RunTime:0.000000s ]
INFO: [ template_filter ] --END-- [ RunTime:0.000000s ]
NOTIC: [8] Undefined variable: version D:\wamp\www\pan\douzhan3\Runtime\Cache\Home\d678f280cf84122e981f201997603ea5.php 第 12 行.
INFO: Run Behavior\ParseTemplateBehavior [ RunTime:0.019001s ]
INFO: [ view_parse ] --END-- [ RunTime:0.019001s ]
INFO: [ view_filter ] --START--
INFO: Run Behavior\WriteHtmlCacheBehavior [ RunTime:0.000000s ]
INFO: [ view_filter ] --END-- [ RunTime:0.000000s ]
INFO: [ app_end ] --START--
INFO: Run Behavior\ShowPageTraceBehavior [ RunTime:0.001000s ]
INFO: [ app_end ] --END-- [ RunTime:0.001000s ]

[ 2019-10-03T12:40:48+08:00 ] 127.0.0.1 /index.php/Home/Member/vip.html
INFO: [ app_init ] --START--
INFO: Run Behavior\BuildLiteBehavior [ RunTime:0.000000s ]
INFO: [ app_init ] --END-- [ RunTime:0.001000s ]
INFO: [ app_begin ] --START--
INFO: Run Behavior\ReadHtmlCacheBehavior [ RunTime:0.000000s ]
INFO: [ app_begin ] --END-- [ RunTime:0.000000s ]
SQL: SHOW COLUMNS FROM `dt_member` [ RunTime:0.0020s ]
SQL: SELECT * FROM `dt_member` WHERE `id` = 88888 LIMIT 1   [ RunTime:0.0000s ]
SQL: SHOW COLUMNS FROM `dt_level` [ RunTime:0.0010s ]
NOTIC: [8] Only variables should be passed by reference D:\wamp\www\pan\douzhan3\ThinkPHP\Library\Think\Db\Driver.class.php 第 769 行.
SQL: SELECT * FROM `dt_level` ORDER BY `id` asc  [ RunTime:0.0000s ]
NOTIC: [8] Only variables should be passed by reference D:\wamp\www\pan\douzhan3\ThinkPHP\Library\Think\Db\Driver.class.php 第 769 行.
SQL: SELECT * FROM `dt_level` ORDER BY `id` asc  [ RunTime:0.0000s ]
SQL: SHOW COLUMNS FROM `dt_task_apply` [ RunTime:0.0050s ]
SQL: SELECT COUNT(*) AS tp_count FROM `dt_task_apply` WHERE ( member_id=88888 and TO_DAYS(from_unixtime(create_time)) = TO_DAYS(now()) ) LIMIT 1   [ RunTime:0.0040s ]
INFO: [ view_parse ] --START--
INFO: [ template_filter ] --START--
INFO: Run Behavior\ContentReplaceBehavior [ RunTime:0.000000s ]
INFO: [ template_filter ] --END-- [ RunTime:0.000000s ]
INFO: Run Behavior\ParseTemplateBehavior [ RunTime:0.015001s ]
INFO: [ view_parse ] --END-- [ RunTime:0.015001s ]
INFO: [ view_filter ] --START--
INFO: Run Behavior\WriteHtmlCacheBehavior [ RunTime:0.000000s ]
INFO: [ view_filter ] --END-- [ RunTime:0.000000s ]
INFO: [ app_end ] --START--
INFO: Run Behavior\ShowPageTraceBehavior [ RunTime:0.000000s ]
INFO: [ app_end ] --END-- [ RunTime:0.000000s ]

[ 2019-10-03T12:41:51+08:00 ] 127.0.0.1 /index.php/Home/Member/vip.html
INFO: [ app_init ] --START--
INFO: Run Behavior\BuildLiteBehavior [ RunTime:0.000000s ]
INFO: [ app_init ] --END-- [ RunTime:0.001000s ]
INFO: [ app_begin ] --START--
INFO: Run Behavior\ReadHtmlCacheBehavior [ RunTime:0.001000s ]
INFO: [ app_begin ] --END-- [ RunTime:0.001000s ]
SQL: SHOW COLUMNS FROM `dt_member` [ RunTime:0.0020s ]
SQL: SELECT * FROM `dt_member` WHERE `id` = 88888 LIMIT 1   [ RunTime:0.0010s ]
SQL: SHOW COLUMNS FROM `dt_level` [ RunTime:0.0010s ]
NOTIC: [8] Only variables should be passed by reference D:\wamp\www\pan\douzhan3\ThinkPHP\Library\Think\Db\Driver.class.php 第 769 行.
SQL: SELECT * FROM `dt_level` ORDER BY `id` asc  [ RunTime:0.0000s ]
NOTIC: [8] Only variables should be passed by reference D:\wamp\www\pan\douzhan3\ThinkPHP\Library\Think\Db\Driver.class.php 第 769 行.
SQL: SELECT * FROM `dt_level` ORDER BY `id` asc  [ RunTime:0.0010s ]
SQL: SHOW COLUMNS FROM `dt_task_apply` [ RunTime:0.0010s ]
SQL: SELECT COUNT(*) AS tp_count FROM `dt_task_apply` WHERE ( member_id=88888 and TO_DAYS(from_unixtime(create_time)) = TO_DAYS(now()) ) LIMIT 1   [ RunTime:0.0000s ]
INFO: [ view_parse ] --START--
INFO: [ template_filter ] --START--
INFO: Run Behavior\ContentReplaceBehavior [ RunTime:0.000000s ]
INFO: [ template_filter ] --END-- [ RunTime:0.000000s ]
INFO: Run Behavior\ParseTemplateBehavior [ RunTime:0.013001s ]
INFO: [ view_parse ] --END-- [ RunTime:0.013001s ]
INFO: [ view_filter ] --START--
INFO: Run Behavior\WriteHtmlCacheBehavior [ RunTime:0.000000s ]
INFO: [ view_filter ] --END-- [ RunTime:0.000000s ]
INFO: [ app_end ] --START--
INFO: Run Behavior\ShowPageTraceBehavior [ RunTime:0.001000s ]
INFO: [ app_end ] --END-- [ RunTime:0.001000s ]

[ 2019-10-03T12:41:51+08:00 ] 127.0.0.1 /index.php/Home/Member/vip.html
INFO: [ app_init ] --START--
INFO: Run Behavior\BuildLiteBehavior [ RunTime:0.000000s ]
INFO: [ app_init ] --END-- [ RunTime:0.001000s ]
INFO: [ app_begin ] --START--
INFO: Run Behavior\ReadHtmlCacheBehavior [ RunTime:0.001000s ]
INFO: [ app_begin ] --END-- [ RunTime:0.001000s ]
SQL: SHOW COLUMNS FROM `dt_level` [ RunTime:0.0010s ]
NOTIC: [8] Only variables should be passed by reference D:\wamp\www\pan\douzhan3\ThinkPHP\Library\Think\Db\Driver.class.php 第 769 行.
SQL: SELECT * FROM `dt_level` ORDER BY `id` asc  [ RunTime:0.0010s ]
INFO: [ view_parse ] --START--
INFO: [ template_filter ] --START--
INFO: Run Behavior\ContentReplaceBehavior [ RunTime:0.000000s ]
INFO: [ template_filter ] --END-- [ RunTime:0.000000s ]
NOTIC: [8] Undefined variable: message D:\wamp\www\pan\douzhan3\Runtime\Cache\Home\cf67dc478d0f9143c4e32b762444702a.php 第 36 行.
INFO: Run Behavior\ParseTemplateBehavior [ RunTime:0.010001s ]
INFO: [ view_parse ] --END-- [ RunTime:0.010001s ]
INFO: [ view_filter ] --START--
INFO: Run Behavior\WriteHtmlCacheBehavior [ RunTime:0.001000s ]
INFO: [ view_filter ] --END-- [ RunTime:0.001000s ]

[ 2019-10-03T12:42:32+08:00 ] 127.0.0.1 /
INFO: [ app_init ] --START--
INFO: Run Behavior\BuildLiteBehavior [ RunTime:0.000000s ]
INFO: [ app_init ] --END-- [ RunTime:0.001000s ]
INFO: [ app_begin ] --START--
INFO: Run Behavior\ReadHtmlCacheBehavior [ RunTime:0.001000s ]
INFO: [ app_begin ] --END-- [ RunTime:0.001000s ]
SQL: SHOW COLUMNS FROM `dt_task` [ RunTime:0.0020s ]
NOTIC: [8] Only variables should be passed by reference D:\wamp\www\pan\douzhan3\ThinkPHP\Library\Think\Db\Driver.class.php 第 769 行.
SQL: SELECT `id`,`title`,`level`,`price`,`create_time`,`max_num`,`apply_num`,max_num-apply_num as leftnum,`tasklb` FROM `dt_task` WHERE `status` = 1 ORDER BY `id` desc LIMIT 1000   [ RunTime:0.0010s ]
SQL: SHOW COLUMNS FROM `dt_level` [ RunTime:0.0000s ]
NOTIC: [8] Only variables should be passed by reference D:\wamp\www\pan\douzhan3\ThinkPHP\Library\Think\Db\Driver.class.php 第 769 行.
SQL: SELECT * FROM `dt_level` ORDER BY `id` asc  [ RunTime:0.0000s ]
SQL: SHOW COLUMNS FROM `dt_member` [ RunTime:0.0020s ]
SQL: SELECT `price` FROM `dt_member` WHERE `id` = 88888 LIMIT 1   [ RunTime:0.0010s ]
SQL: SELECT COUNT(*) AS tp_count FROM `dt_member` LIMIT 1   [ RunTime:0.0000s ]
SQL: SHOW COLUMNS FROM `dt_member_tixian` [ RunTime:0.0010s ]
SQL: SELECT SUM(price) AS tp_sum FROM `dt_member_tixian` WHERE `status` = 1 LIMIT 1   [ RunTime:0.0000s ]
SQL: SHOW COLUMNS FROM `dt_page` [ RunTime:0.0000s ]
NOTIC: [8] Only variables should be passed by reference D:\wamp\www\pan\douzhan3\ThinkPHP\Library\Think\Db\Driver.class.php 第 769 行.
SQL: SELECT `id`,`title`,`update_time` FROM `dt_page` WHERE `recommend` = 1 ORDER BY `update_time` asc LIMIT 3   [ RunTime:0.0000s ]
INFO: [ view_parse ] --START--
INFO: [ template_filter ] --START--
INFO: Run Behavior\ContentReplaceBehavior [ RunTime:0.000000s ]
INFO: [ template_filter ] --END-- [ RunTime:0.000000s ]
NOTIC: [8] Undefined variable: version D:\wamp\www\pan\douzhan3\Runtime\Cache\Home\d678f280cf84122e981f201997603ea5.php 第 12 行.
INFO: Run Behavior\ParseTemplateBehavior [ RunTime:0.014001s ]
INFO: [ view_parse ] --END-- [ RunTime:0.014001s ]
INFO: [ view_filter ] --START--
INFO: Run Behavior\WriteHtmlCacheBehavior [ RunTime:0.000000s ]
INFO: [ view_filter ] --END-- [ RunTime:0.000000s ]
INFO: [ app_end ] --START--
INFO: Run Behavior\ShowPageTraceBehavior [ RunTime:0.000000s ]
INFO: [ app_end ] --END-- [ RunTime:0.000000s ]

[ 2019-10-03T12:42:33+08:00 ] 127.0.0.1 /index.php/Home/Member/vip.html
INFO: [ app_init ] --START--
INFO: Run Behavior\BuildLiteBehavior [ RunTime:0.000000s ]
INFO: [ app_init ] --END-- [ RunTime:0.000000s ]
INFO: [ app_begin ] --START--
INFO: Run Behavior\ReadHtmlCacheBehavior [ RunTime:0.001000s ]
INFO: [ app_begin ] --END-- [ RunTime:0.001000s ]
SQL: SHOW COLUMNS FROM `dt_member` [ RunTime:0.0020s ]
SQL: SELECT * FROM `dt_member` WHERE `id` = 88888 LIMIT 1   [ RunTime:0.0010s ]
SQL: SHOW COLUMNS FROM `dt_level` [ RunTime:0.0010s ]
NOTIC: [8] Only variables should be passed by reference D:\wamp\www\pan\douzhan3\ThinkPHP\Library\Think\Db\Driver.class.php 第 769 行.
SQL: SELECT * FROM `dt_level` ORDER BY `id` asc  [ RunTime:0.0000s ]
NOTIC: [8] Only variables should be passed by reference D:\wamp\www\pan\douzhan3\ThinkPHP\Library\Think\Db\Driver.class.php 第 769 行.
SQL: SELECT * FROM `dt_level` ORDER BY `id` asc  [ RunTime:0.0000s ]
SQL: SHOW COLUMNS FROM `dt_task_apply` [ RunTime:0.0010s ]
SQL: SELECT COUNT(*) AS tp_count FROM `dt_task_apply` WHERE ( member_id=88888 and TO_DAYS(from_unixtime(create_time)) = TO_DAYS(now()) ) LIMIT 1   [ RunTime:0.0000s ]
INFO: [ view_parse ] --START--
INFO: [ template_filter ] --START--
INFO: Run Behavior\ContentReplaceBehavior [ RunTime:0.000000s ]
INFO: [ template_filter ] --END-- [ RunTime:0.000000s ]
INFO: Run Behavior\ParseTemplateBehavior [ RunTime:0.010001s ]
INFO: [ view_parse ] --END-- [ RunTime:0.010001s ]
INFO: [ view_filter ] --START--
INFO: Run Behavior\WriteHtmlCacheBehavior [ RunTime:0.000000s ]
INFO: [ view_filter ] --END-- [ RunTime:0.000000s ]
INFO: [ app_end ] --START--
INFO: Run Behavior\ShowPageTraceBehavior [ RunTime:0.000000s ]
INFO: [ app_end ] --END-- [ RunTime:0.000000s ]

[ 2019-10-03T12:43:25+08:00 ] 127.0.0.1 /index.php/Home/Member/vip.html
INFO: [ app_init ] --START--
INFO: Run Behavior\BuildLiteBehavior [ RunTime:0.000000s ]
INFO: [ app_init ] --END-- [ RunTime:0.001000s ]
INFO: [ app_begin ] --START--
INFO: Run Behavior\ReadHtmlCacheBehavior [ RunTime:0.001000s ]
INFO: [ app_begin ] --END-- [ RunTime:0.001000s ]
SQL: SHOW COLUMNS FROM `dt_member` [ RunTime:0.0010s ]
SQL: SELECT * FROM `dt_member` WHERE `id` = 88888 LIMIT 1   [ RunTime:0.0000s ]
SQL: SHOW COLUMNS FROM `dt_level` [ RunTime:0.0010s ]
NOTIC: [8] Only variables should be passed by reference D:\wamp\www\pan\douzhan3\ThinkPHP\Library\Think\Db\Driver.class.php 第 769 行.
SQL: SELECT * FROM `dt_level` ORDER BY `id` asc  [ RunTime:0.0000s ]
NOTIC: [8] Only variables should be passed by reference D:\wamp\www\pan\douzhan3\ThinkPHP\Library\Think\Db\Driver.class.php 第 769 行.
SQL: SELECT * FROM `dt_level` ORDER BY `id` asc  [ RunTime:0.0000s ]
SQL: SHOW COLUMNS FROM `dt_task_apply` [ RunTime:0.0010s ]
SQL: SELECT COUNT(*) AS tp_count FROM `dt_task_apply` WHERE ( member_id=88888 and TO_DAYS(from_unixtime(create_time)) = TO_DAYS(now()) ) LIMIT 1   [ RunTime:0.0010s ]
INFO: [ view_parse ] --START--
INFO: [ template_filter ] --START--
INFO: Run Behavior\ContentReplaceBehavior [ RunTime:0.000000s ]
INFO: [ template_filter ] --END-- [ RunTime:0.000000s ]
INFO: Run Behavior\ParseTemplateBehavior [ RunTime:0.012001s ]
INFO: [ view_parse ] --END-- [ RunTime:0.012001s ]
INFO: [ view_filter ] --START--
INFO: Run Behavior\WriteHtmlCacheBehavior [ RunTime:0.000000s ]
INFO: [ view_filter ] --END-- [ RunTime:0.000000s ]
INFO: [ app_end ] --START--
INFO: Run Behavior\ShowPageTraceBehavior [ RunTime:0.001000s ]
INFO: [ app_end ] --END-- [ RunTime:0.001000s ]

[ 2019-10-03T12:43:25+08:00 ] 127.0.0.1 /index.php/Home/Member/vip.html
INFO: [ app_init ] --START--
INFO: Run Behavior\BuildLiteBehavior [ RunTime:0.000000s ]
INFO: [ app_init ] --END-- [ RunTime:0.000000s ]
INFO: [ app_begin ] --START--
INFO: Run Behavior\ReadHtmlCacheBehavior [ RunTime:0.000000s ]
INFO: [ app_begin ] --END-- [ RunTime:0.001000s ]
SQL: SHOW COLUMNS FROM `dt_level` [ RunTime:0.0010s ]
NOTIC: [8] Only variables should be passed by reference D:\wamp\www\pan\douzhan3\ThinkPHP\Library\Think\Db\Driver.class.php 第 769 行.
SQL: SELECT * FROM `dt_level` ORDER BY `id` asc  [ RunTime:0.0000s ]
INFO: [ view_parse ] --START--
INFO: [ template_filter ] --START--
INFO: Run Behavior\ContentReplaceBehavior [ RunTime:0.000000s ]
INFO: [ template_filter ] --END-- [ RunTime:0.000000s ]
NOTIC: [8] Undefined variable: message D:\wamp\www\pan\douzhan3\Runtime\Cache\Home\cf67dc478d0f9143c4e32b762444702a.php 第 36 行.
INFO: Run Behavior\ParseTemplateBehavior [ RunTime:0.006001s ]
INFO: [ view_parse ] --END-- [ RunTime:0.006001s ]
INFO: [ view_filter ] --START--
INFO: Run Behavior\WriteHtmlCacheBehavior [ RunTime:0.000000s ]
INFO: [ view_filter ] --END-- [ RunTime:0.000000s ]

[ 2019-10-03T12:43:48+08:00 ] 127.0.0.1 /
INFO: [ app_init ] --START--
INFO: Run Behavior\BuildLiteBehavior [ RunTime:0.000000s ]
INFO: [ app_init ] --END-- [ RunTime:0.000000s ]
INFO: [ app_begin ] --START--
INFO: Run Behavior\ReadHtmlCacheBehavior [ RunTime:0.000000s ]
INFO: [ app_begin ] --END-- [ RunTime:0.000000s ]
SQL: SHOW COLUMNS FROM `dt_task` [ RunTime:0.0020s ]
NOTIC: [8] Only variables should be passed by reference D:\wamp\www\pan\douzhan3\ThinkPHP\Library\Think\Db\Driver.class.php 第 769 行.
SQL: SELECT `id`,`title`,`level`,`price`,`create_time`,`max_num`,`apply_num`,max_num-apply_num as leftnum,`tasklb` FROM `dt_task` WHERE `status` = 1 ORDER BY `id` desc LIMIT 1000   [ RunTime:0.0010s ]
SQL: SHOW COLUMNS FROM `dt_level` [ RunTime:0.0000s ]
NOTIC: [8] Only variables should be passed by reference D:\wamp\www\pan\douzhan3\ThinkPHP\Library\Think\Db\Driver.class.php 第 769 行.
SQL: SELECT * FROM `dt_level` ORDER BY `id` asc  [ RunTime:0.0000s ]
SQL: SHOW COLUMNS FROM `dt_member` [ RunTime:0.0010s ]
SQL: SELECT `price` FROM `dt_member` WHERE `id` = 88888 LIMIT 1   [ RunTime:0.0010s ]
SQL: SELECT COUNT(*) AS tp_count FROM `dt_member` LIMIT 1   [ RunTime:0.0000s ]
SQL: SHOW COLUMNS FROM `dt_member_tixian` [ RunTime:0.0010s ]
SQL: SELECT SUM(price) AS tp_sum FROM `dt_member_tixian` WHERE `status` = 1 LIMIT 1   [ RunTime:0.0000s ]
SQL: SHOW COLUMNS FROM `dt_page` [ RunTime:0.0010s ]
NOTIC: [8] Only variables should be passed by reference D:\wamp\www\pan\douzhan3\ThinkPHP\Library\Think\Db\Driver.class.php 第 769 行.
SQL: SELECT `id`,`title`,`update_time` FROM `dt_page` WHERE `recommend` = 1 ORDER BY `update_time` asc LIMIT 3   [ RunTime:0.0000s ]
INFO: [ view_parse ] --START--
INFO: [ template_filter ] --START--
INFO: Run Behavior\ContentReplaceBehavior [ RunTime:0.000000s ]
INFO: [ template_filter ] --END-- [ RunTime:0.000000s ]
NOTIC: [8] Undefined variable: version D:\wamp\www\pan\douzhan3\Runtime\Cache\Home\d678f280cf84122e981f201997603ea5.php 第 12 行.
INFO: Run Behavior\ParseTemplateBehavior [ RunTime:0.016000s ]
INFO: [ view_parse ] --END-- [ RunTime:0.016000s ]
INFO: [ view_filter ] --START--
INFO: Run Behavior\WriteHtmlCacheBehavior [ RunTime:0.000000s ]
INFO: [ view_filter ] --END-- [ RunTime:0.001000s ]
INFO: [ app_end ] --START--
INFO: Run Behavior\ShowPageTraceBehavior [ RunTime:0.000000s ]
INFO: [ app_end ] --END-- [ RunTime:0.000000s ]

[ 2019-10-03T12:43:49+08:00 ] 127.0.0.1 /index.php/Home/Member/vip.html
INFO: [ app_init ] --START--
INFO: Run Behavior\BuildLiteBehavior [ RunTime:0.000000s ]
INFO: [ app_init ] --END-- [ RunTime:0.000000s ]
INFO: [ app_begin ] --START--
INFO: Run Behavior\ReadHtmlCacheBehavior [ RunTime:0.001000s ]
INFO: [ app_begin ] --END-- [ RunTime:0.001000s ]
SQL: SHOW COLUMNS FROM `dt_member` [ RunTime:0.0020s ]
SQL: SELECT * FROM `dt_member` WHERE `id` = 88888 LIMIT 1   [ RunTime:0.0000s ]
SQL: SHOW COLUMNS FROM `dt_level` [ RunTime:0.0010s ]
NOTIC: [8] Only variables should be passed by reference D:\wamp\www\pan\douzhan3\ThinkPHP\Library\Think\Db\Driver.class.php 第 769 行.
SQL: SELECT * FROM `dt_level` ORDER BY `id` asc  [ RunTime:0.0010s ]
NOTIC: [8] Only variables should be passed by reference D:\wamp\www\pan\douzhan3\ThinkPHP\Library\Think\Db\Driver.class.php 第 769 行.
SQL: SELECT * FROM `dt_level` ORDER BY `id` asc  [ RunTime:0.0000s ]
SQL: SHOW COLUMNS FROM `dt_task_apply` [ RunTime:0.0010s ]
SQL: SELECT COUNT(*) AS tp_count FROM `dt_task_apply` WHERE ( member_id=88888 and TO_DAYS(from_unixtime(create_time)) = TO_DAYS(now()) ) LIMIT 1   [ RunTime:0.0010s ]
INFO: [ view_parse ] --START--
INFO: [ template_filter ] --START--
INFO: Run Behavior\ContentReplaceBehavior [ RunTime:0.000000s ]
INFO: [ template_filter ] --END-- [ RunTime:0.000000s ]
INFO: Run Behavior\ParseTemplateBehavior [ RunTime:0.011001s ]
INFO: [ view_parse ] --END-- [ RunTime:0.011001s ]
INFO: [ view_filter ] --START--
INFO: Run Behavior\WriteHtmlCacheBehavior [ RunTime:0.000000s ]
INFO: [ view_filter ] --END-- [ RunTime:0.000000s ]
INFO: [ app_end ] --START--
INFO: Run Behavior\ShowPageTraceBehavior [ RunTime:0.001000s ]
INFO: [ app_end ] --END-- [ RunTime:0.001000s ]

[ 2019-10-03T12:44:00+08:00 ] 127.0.0.1 /index.php/Home/Member/vip.html
INFO: [ app_init ] --START--
INFO: Run Behavior\BuildLiteBehavior [ RunTime:0.000000s ]
INFO: [ app_init ] --END-- [ RunTime:0.000000s ]
INFO: [ app_begin ] --START--
INFO: Run Behavior\ReadHtmlCacheBehavior [ RunTime:0.001000s ]
INFO: [ app_begin ] --END-- [ RunTime:0.001000s ]
SQL: SHOW COLUMNS FROM `dt_member` [ RunTime:0.0010s ]
SQL: SELECT * FROM `dt_member` WHERE `id` = 88888 LIMIT 1   [ RunTime:0.0010s ]
SQL: SHOW COLUMNS FROM `dt_level` [ RunTime:0.0000s ]
NOTIC: [8] Only variables should be passed by reference D:\wamp\www\pan\douzhan3\ThinkPHP\Library\Think\Db\Driver.class.php 第 769 行.
SQL: SELECT * FROM `dt_level` ORDER BY `id` asc  [ RunTime:0.0000s ]
NOTIC: [8] Only variables should be passed by reference D:\wamp\www\pan\douzhan3\ThinkPHP\Library\Think\Db\Driver.class.php 第 769 行.
SQL: SELECT * FROM `dt_level` ORDER BY `id` asc  [ RunTime:0.0040s ]
SQL: SHOW COLUMNS FROM `dt_task_apply` [ RunTime:0.0010s ]
SQL: SELECT COUNT(*) AS tp_count FROM `dt_task_apply` WHERE ( member_id=88888 and TO_DAYS(from_unixtime(create_time)) = TO_DAYS(now()) ) LIMIT 1   [ RunTime:0.0000s ]
INFO: [ view_parse ] --START--
INFO: [ template_filter ] --START--
INFO: Run Behavior\ContentReplaceBehavior [ RunTime:0.000000s ]
INFO: [ template_filter ] --END-- [ RunTime:0.000000s ]
INFO: Run Behavior\ParseTemplateBehavior [ RunTime:0.013000s ]
INFO: [ view_parse ] --END-- [ RunTime:0.013000s ]
INFO: [ view_filter ] --START--
INFO: Run Behavior\WriteHtmlCacheBehavior [ RunTime:0.000000s ]
INFO: [ view_filter ] --END-- [ RunTime:0.000000s ]
INFO: [ app_end ] --START--
INFO: Run Behavior\ShowPageTraceBehavior [ RunTime:0.000000s ]
INFO: [ app_end ] --END-- [ RunTime:0.000000s ]

[ 2019-10-03T12:44:33+08:00 ] 127.0.0.1 /index.php/Home/Member/vip.html
INFO: [ app_init ] --START--
INFO: Run Behavior\BuildLiteBehavior [ RunTime:0.000000s ]
INFO: [ app_init ] --END-- [ RunTime:0.001000s ]
INFO: [ app_begin ] --START--
INFO: Run Behavior\ReadHtmlCacheBehavior [ RunTime:0.001000s ]
INFO: [ app_begin ] --END-- [ RunTime:0.001000s ]
SQL: SHOW COLUMNS FROM `dt_member` [ RunTime:0.0010s ]
SQL: SELECT * FROM `dt_member` WHERE `id` = 88888 LIMIT 1   [ RunTime:0.0000s ]
SQL: SHOW COLUMNS FROM `dt_level` [ RunTime:0.0010s ]
NOTIC: [8] Only variables should be passed by reference D:\wamp\www\pan\douzhan3\ThinkPHP\Library\Think\Db\Driver.class.php 第 769 行.
SQL: SELECT * FROM `dt_level` ORDER BY `id` asc  [ RunTime:0.0010s ]
NOTIC: [8] Only variables should be passed by reference D:\wamp\www\pan\douzhan3\ThinkPHP\Library\Think\Db\Driver.class.php 第 769 行.
SQL: SELECT * FROM `dt_level` ORDER BY `id` asc  [ RunTime:0.0000s ]
SQL: SHOW COLUMNS FROM `dt_task_apply` [ RunTime:0.0010s ]
SQL: SELECT COUNT(*) AS tp_count FROM `dt_task_apply` WHERE ( member_id=88888 and TO_DAYS(from_unixtime(create_time)) = TO_DAYS(now()) ) LIMIT 1   [ RunTime:0.0000s ]
INFO: [ view_parse ] --START--
INFO: [ template_filter ] --START--
INFO: Run Behavior\ContentReplaceBehavior [ RunTime:0.000000s ]
INFO: [ template_filter ] --END-- [ RunTime:0.001000s ]
INFO: Run Behavior\ParseTemplateBehavior [ RunTime:0.010001s ]
INFO: [ view_parse ] --END-- [ RunTime:0.010001s ]
INFO: [ view_filter ] --START--
INFO: Run Behavior\WriteHtmlCacheBehavior [ RunTime:0.000000s ]
INFO: [ view_filter ] --END-- [ RunTime:0.000000s ]
INFO: [ app_end ] --START--
INFO: Run Behavior\ShowPageTraceBehavior [ RunTime:0.001000s ]
INFO: [ app_end ] --END-- [ RunTime:0.001000s ]

[ 2019-10-03T12:44:42+08:00 ] 127.0.0.1 /index.php/Home/Member/vip.html
INFO: [ app_init ] --START--
INFO: Run Behavior\BuildLiteBehavior [ RunTime:0.000000s ]
INFO: [ app_init ] --END-- [ RunTime:0.001000s ]
INFO: [ app_begin ] --START--
INFO: Run Behavior\ReadHtmlCacheBehavior [ RunTime:0.001000s ]
INFO: [ app_begin ] --END-- [ RunTime:0.001000s ]
SQL: SHOW COLUMNS FROM `dt_member` [ RunTime:0.0020s ]
SQL: SELECT * FROM `dt_member` WHERE `id` = 88888 LIMIT 1   [ RunTime:0.0000s ]
SQL: SHOW COLUMNS FROM `dt_level` [ RunTime:0.0010s ]
NOTIC: [8] Only variables should be passed by reference D:\wamp\www\pan\douzhan3\ThinkPHP\Library\Think\Db\Driver.class.php 第 769 行.
SQL: SELECT * FROM `dt_level` ORDER BY `id` asc  [ RunTime:0.0000s ]
NOTIC: [8] Only variables should be passed by reference D:\wamp\www\pan\douzhan3\ThinkPHP\Library\Think\Db\Driver.class.php 第 769 行.
SQL: SELECT * FROM `dt_level` ORDER BY `id` asc  [ RunTime:0.0000s ]
SQL: SHOW COLUMNS FROM `dt_task_apply` [ RunTime:0.0020s ]
SQL: SELECT COUNT(*) AS tp_count FROM `dt_task_apply` WHERE ( member_id=88888 and TO_DAYS(from_unixtime(create_time)) = TO_DAYS(now()) ) LIMIT 1   [ RunTime:0.0010s ]
INFO: [ view_parse ] --START--
INFO: [ template_filter ] --START--
INFO: Run Behavior\ContentReplaceBehavior [ RunTime:0.000000s ]
INFO: [ template_filter ] --END-- [ RunTime:0.000000s ]
INFO: Run Behavior\ParseTemplateBehavior [ RunTime:0.012000s ]
INFO: [ view_parse ] --END-- [ RunTime:0.012000s ]
INFO: [ view_filter ] --START--
INFO: Run Behavior\WriteHtmlCacheBehavior [ RunTime:0.001000s ]
INFO: [ view_filter ] --END-- [ RunTime:0.001000s ]
INFO: [ app_end ] --START--
INFO: Run Behavior\ShowPageTraceBehavior [ RunTime:0.001000s ]
INFO: [ app_end ] --END-- [ RunTime:0.001000s ]

[ 2019-10-03T12:52:26+08:00 ] 127.0.0.1 /index.php/Home/Member/vip.html
INFO: [ app_init ] --START--
INFO: Run Behavior\BuildLiteBehavior [ RunTime:0.000000s ]
INFO: [ app_init ] --END-- [ RunTime:0.001000s ]
INFO: [ app_begin ] --START--
INFO: Run Behavior\ReadHtmlCacheBehavior [ RunTime:0.001000s ]
INFO: [ app_begin ] --END-- [ RunTime:0.001000s ]
SQL: SHOW COLUMNS FROM `dt_member` [ RunTime:0.0020s ]
SQL: SELECT * FROM `dt_member` WHERE `id` = 88888 LIMIT 1   [ RunTime:0.0010s ]
SQL: SHOW COLUMNS FROM `dt_level` [ RunTime:0.0010s ]
NOTIC: [8] Only variables should be passed by reference D:\wamp\www\pan\douzhan3\ThinkPHP\Library\Think\Db\Driver.class.php 第 769 行.
SQL: SELECT * FROM `dt_level` ORDER BY `id` asc  [ RunTime:0.0000s ]
NOTIC: [8] Only variables should be passed by reference D:\wamp\www\pan\douzhan3\ThinkPHP\Library\Think\Db\Driver.class.php 第 769 行.
SQL: SELECT * FROM `dt_level` ORDER BY `id` asc  [ RunTime:0.0010s ]
SQL: SHOW COLUMNS FROM `dt_task_apply` [ RunTime:0.0010s ]
SQL: SELECT COUNT(*) AS tp_count FROM `dt_task_apply` WHERE ( member_id=88888 and TO_DAYS(from_unixtime(create_time)) = TO_DAYS(now()) ) LIMIT 1   [ RunTime:0.0010s ]
INFO: [ view_parse ] --START--
INFO: [ template_filter ] --START--
INFO: Run Behavior\ContentReplaceBehavior [ RunTime:0.000000s ]
INFO: [ template_filter ] --END-- [ RunTime:0.000000s ]
INFO: Run Behavior\ParseTemplateBehavior [ RunTime:0.015001s ]
INFO: [ view_parse ] --END-- [ RunTime:0.015001s ]
INFO: [ view_filter ] --START--
INFO: Run Behavior\WriteHtmlCacheBehavior [ RunTime:0.001000s ]
INFO: [ view_filter ] --END-- [ RunTime:0.001000s ]
INFO: [ app_end ] --START--
INFO: Run Behavior\ShowPageTraceBehavior [ RunTime:0.001000s ]
INFO: [ app_end ] --END-- [ RunTime:0.001000s ]

[ 2019-10-03T12:52:31+08:00 ] 127.0.0.1 /index.php/Home/Member/index.html
INFO: [ app_init ] --START--
INFO: Run Behavior\BuildLiteBehavior [ RunTime:0.000000s ]
INFO: [ app_init ] --END-- [ RunTime:0.001000s ]
INFO: [ app_begin ] --START--
INFO: Run Behavior\ReadHtmlCacheBehavior [ RunTime:0.001001s ]
INFO: [ app_begin ] --END-- [ RunTime:0.001001s ]
SQL: SHOW COLUMNS FROM `dt_member` [ RunTime:0.0010s ]
SQL: SELECT * FROM `dt_member` WHERE `id` = 88888 LIMIT 1   [ RunTime:0.0000s ]
SQL: SHOW COLUMNS FROM `dt_level` [ RunTime:0.0000s ]
NOTIC: [8] Only variables should be passed by reference D:\wamp\www\pan\douzhan3\ThinkPHP\Library\Think\Db\Driver.class.php 第 769 行.
SQL: SELECT * FROM `dt_level` ORDER BY `id` asc  [ RunTime:0.0000s ]
SQL: SHOW COLUMNS FROM `dt_sale_list` [ RunTime:0.0030s ]
SQL: SELECT SUM(price) AS tp_sum FROM `dt_sale_list` WHERE ( member_id=88888 and TO_DAYS(from_unixtime(create_time)) = TO_DAYS(now()) ) LIMIT 1   [ RunTime:0.0000s ]
SQL: SELECT SUM(price) AS tp_sum FROM `dt_sale_list` WHERE ( member_id=88888 and DATE_FORMAT(from_unixtime(create_time),'%Y%m') = DATE_FORMAT(CURDATE(),'%Y%m') ) LIMIT 1   [ RunTime:0.0010s ]
SQL: SELECT SUM(price) AS tp_sum FROM `dt_sale_list` WHERE ( member_id=88888 ) LIMIT 1   [ RunTime:0.0000s ]
SQL: SELECT COUNT(*) AS tp_count FROM `dt_member` WHERE (  (p1=88888 or p2=88888 or p3=88888) and (TO_DAYS(from_unixtime(create_time)) = TO_DAYS(now()))  ) LIMIT 1   [ RunTime:0.0000s ]
SQL: SELECT COUNT(*) AS tp_count FROM `dt_member` WHERE (  (p1=88888 or p2=88888 or p3=88888) and (DATE_FORMAT(from_unixtime(create_time),'%Y%m') = DATE_FORMAT(CURDATE(),'%Y%m')) ) LIMIT 1   [ RunTime:0.0010s ]
SQL: SELECT COUNT(*) AS tp_count FROM `dt_member` WHERE ( p1=88888 or p2=88888 or p3=88888 ) LIMIT 1   [ RunTime:0.0000s ]
SQL: SHOW COLUMNS FROM `dt_notice` [ RunTime:0.0030s ]
SQL: SELECT COUNT(*) AS tp_count FROM `dt_notice` WHERE ( (( member_id = 88888 ) or ( (is_system = 1 and role_type = 0) or ( is_system = 1 and role_type = 1 ) ) ) and create_time > 0  ) LIMIT 1   [ RunTime:0.0000s ]
INFO: [ view_parse ] --START--
INFO: [ template_filter ] --START--
INFO: Run Behavior\ContentReplaceBehavior [ RunTime:0.000000s ]
INFO: [ template_filter ] --END-- [ RunTime:0.000000s ]
INFO: Run Behavior\ParseTemplateBehavior [ RunTime:0.011001s ]
INFO: [ view_parse ] --END-- [ RunTime:0.011001s ]
INFO: [ view_filter ] --START--
INFO: Run Behavior\WriteHtmlCacheBehavior [ RunTime:0.000000s ]
INFO: [ view_filter ] --END-- [ RunTime:0.000000s ]
INFO: [ app_end ] --START--
INFO: Run Behavior\ShowPageTraceBehavior [ RunTime:0.000000s ]
INFO: [ app_end ] --END-- [ RunTime:0.000000s ]

[ 2019-10-03T12:52:40+08:00 ] 127.0.0.1 /index.php/Home/Member/tixian.html
INFO: [ app_init ] --START--
INFO: Run Behavior\BuildLiteBehavior [ RunTime:0.000000s ]
INFO: [ app_init ] --END-- [ RunTime:0.000000s ]
INFO: [ app_begin ] --START--
INFO: Run Behavior\ReadHtmlCacheBehavior [ RunTime:0.000000s ]
INFO: [ app_begin ] --END-- [ RunTime:0.000000s ]
SQL: SHOW COLUMNS FROM `dt_member` [ RunTime:0.0020s ]
SQL: SELECT * FROM `dt_member` WHERE `id` = 88888 LIMIT 1   [ RunTime:0.0010s ]
SQL: SHOW COLUMNS FROM `dt_member_tixian` [ RunTime:0.0010s ]
SQL: SELECT COUNT(*) AS tp_count FROM `dt_member_tixian` WHERE ( member_id=88888 and TO_DAYS(from_unixtime(create_time)) = TO_DAYS(now()) ) LIMIT 1   [ RunTime:0.0010s ]
INFO: [ view_parse ] --START--
INFO: [ template_filter ] --START--
INFO: Run Behavior\ContentReplaceBehavior [ RunTime:0.001000s ]
INFO: [ template_filter ] --END-- [ RunTime:0.001000s ]
INFO: Run Behavior\ParseTemplateBehavior [ RunTime:0.009000s ]
INFO: [ view_parse ] --END-- [ RunTime:0.009000s ]
INFO: [ view_filter ] --START--
INFO: Run Behavior\WriteHtmlCacheBehavior [ RunTime:0.000000s ]
INFO: [ view_filter ] --END-- [ RunTime:0.000000s ]
INFO: [ app_end ] --START--
INFO: Run Behavior\ShowPageTraceBehavior [ RunTime:0.000000s ]
INFO: [ app_end ] --END-- [ RunTime:0.000000s ]

[ 2019-10-03T22:01:59+08:00 ] 127.0.0.1 /
INFO: [ app_init ] --START--
INFO: Run Behavior\BuildLiteBehavior [ RunTime:0.000000s ]
INFO: [ app_init ] --END-- [ RunTime:0.001000s ]
INFO: [ app_begin ] --START--
INFO: Run Behavior\ReadHtmlCacheBehavior [ RunTime:0.001000s ]
INFO: [ app_begin ] --END-- [ RunTime:0.001000s ]
SQL: SHOW COLUMNS FROM `dt_task` [ RunTime:0.0010s ]
NOTIC: [8] Only variables should be passed by reference D:\wamp\www\pan\douzhan3\ThinkPHP\Library\Think\Db\Driver.class.php 第 769 行.
SQL: SELECT `id`,`title`,`level`,`price`,`create_time`,`max_num`,`apply_num`,max_num-apply_num as leftnum,`tasklb` FROM `dt_task` WHERE `status` = 1 ORDER BY `id` desc LIMIT 1000   [ RunTime:0.0010s ]
SQL: SHOW COLUMNS FROM `dt_level` [ RunTime:0.0000s ]
NOTIC: [8] Only variables should be passed by reference D:\wamp\www\pan\douzhan3\ThinkPHP\Library\Think\Db\Driver.class.php 第 769 行.
SQL: SELECT * FROM `dt_level` ORDER BY `id` asc  [ RunTime:0.0010s ]
SQL: SHOW COLUMNS FROM `dt_member` [ RunTime:0.0010s ]
SQL: SELECT `price` FROM `dt_member` WHERE `id` = 88888 LIMIT 1   [ RunTime:0.0000s ]
SQL: SELECT COUNT(*) AS tp_count FROM `dt_member` LIMIT 1   [ RunTime:0.0000s ]
SQL: SHOW COLUMNS FROM `dt_member_tixian` [ RunTime:0.0000s ]
SQL: SELECT SUM(price) AS tp_sum FROM `dt_member_tixian` WHERE `status` = 1 LIMIT 1   [ RunTime:0.0000s ]
SQL: SHOW COLUMNS FROM `dt_page` [ RunTime:0.0010s ]
NOTIC: [8] Only variables should be passed by reference D:\wamp\www\pan\douzhan3\ThinkPHP\Library\Think\Db\Driver.class.php 第 769 行.
SQL: SELECT `id`,`title`,`update_time` FROM `dt_page` WHERE `recommend` = 1 ORDER BY `update_time` asc LIMIT 3   [ RunTime:0.0000s ]
INFO: [ view_parse ] --START--
INFO: [ template_filter ] --START--
INFO: Run Behavior\ContentReplaceBehavior [ RunTime:0.000000s ]
INFO: [ template_filter ] --END-- [ RunTime:0.000000s ]
NOTIC: [8] Undefined variable: version D:\wamp\www\pan\douzhan3\Runtime\Cache\Home\d678f280cf84122e981f201997603ea5.php 第 12 行.
INFO: Run Behavior\ParseTemplateBehavior [ RunTime:0.019001s ]
INFO: [ view_parse ] --END-- [ RunTime:0.019001s ]
INFO: [ view_filter ] --START--
INFO: Run Behavior\WriteHtmlCacheBehavior [ RunTime:0.001000s ]
INFO: [ view_filter ] --END-- [ RunTime:0.001000s ]
INFO: [ app_end ] --START--
INFO: Run Behavior\ShowPageTraceBehavior [ RunTime:0.001000s ]
INFO: [ app_end ] --END-- [ RunTime:0.001000s ]

[ 2019-10-03T23:03:25+08:00 ] 127.0.0.1 /
INFO: [ app_init ] --START--
INFO: Run Behavior\BuildLiteBehavior [ RunTime:0.000000s ]
INFO: [ app_init ] --END-- [ RunTime:0.001000s ]
INFO: [ app_begin ] --START--
INFO: Run Behavior\ReadHtmlCacheBehavior [ RunTime:0.001000s ]
INFO: [ app_begin ] --END-- [ RunTime:0.001000s ]
SQL: SHOW COLUMNS FROM `dt_task` [ RunTime:0.0010s ]
NOTIC: [8] Only variables should be passed by reference D:\wamp\www\pan\douzhan3\ThinkPHP\Library\Think\Db\Driver.class.php 第 769 行.
SQL: SELECT `id`,`title`,`level`,`price`,`create_time`,`max_num`,`apply_num`,max_num-apply_num as leftnum,`tasklb` FROM `dt_task` WHERE `status` = 1 ORDER BY `id` desc LIMIT 1000   [ RunTime:0.0010s ]
SQL: SHOW COLUMNS FROM `dt_level` [ RunTime:0.0000s ]
NOTIC: [8] Only variables should be passed by reference D:\wamp\www\pan\douzhan3\ThinkPHP\Library\Think\Db\Driver.class.php 第 769 行.
SQL: SELECT * FROM `dt_level` ORDER BY `id` asc  [ RunTime:0.0000s ]
SQL: SHOW COLUMNS FROM `dt_member` [ RunTime:0.0010s ]
SQL: SELECT `price` FROM `dt_member` WHERE `id` = 88888 LIMIT 1   [ RunTime:0.0000s ]
SQL: SELECT COUNT(*) AS tp_count FROM `dt_member` LIMIT 1   [ RunTime:0.0000s ]
SQL: SHOW COLUMNS FROM `dt_member_tixian` [ RunTime:0.0010s ]
SQL: SELECT SUM(price) AS tp_sum FROM `dt_member_tixian` WHERE `status` = 1 LIMIT 1   [ RunTime:0.0000s ]
SQL: SHOW COLUMNS FROM `dt_page` [ RunTime:0.0000s ]
NOTIC: [8] Only variables should be passed by reference D:\wamp\www\pan\douzhan3\ThinkPHP\Library\Think\Db\Driver.class.php 第 769 行.
SQL: SELECT `id`,`title`,`update_time` FROM `dt_page` WHERE `recommend` = 1 ORDER BY `update_time` asc LIMIT 3   [ RunTime:0.0000s ]
INFO: [ view_parse ] --START--
INFO: [ template_filter ] --START--
INFO: Run Behavior\ContentReplaceBehavior [ RunTime:0.000000s ]
INFO: [ template_filter ] --END-- [ RunTime:0.001000s ]
NOTIC: [8] Undefined variable: version D:\wamp\www\pan\douzhan3\Runtime\Cache\Home\d678f280cf84122e981f201997603ea5.php 第 12 行.
INFO: Run Behavior\ParseTemplateBehavior [ RunTime:0.035002s ]
INFO: [ view_parse ] --END-- [ RunTime:0.035002s ]
INFO: [ view_filter ] --START--
INFO: Run Behavior\WriteHtmlCacheBehavior [ RunTime:0.001000s ]
INFO: [ view_filter ] --END-- [ RunTime:0.001000s ]
INFO: [ app_end ] --START--
INFO: Run Behavior\ShowPageTraceBehavior [ RunTime:0.001000s ]
INFO: [ app_end ] --END-- [ RunTime:0.001000s ]

