[ 2020-02-17T13:13:21+08:00 ] 127.0.0.1 /index.php/admin
INFO: [ app_init ] --START--
INFO: Run Behavior\BuildLiteBehavior [ RunTime:0.000000s ]
INFO: [ app_init ] --END-- [ RunTime:0.000977s ]
INFO: [ app_begin ] --START--
INFO: Run Behavior\ReadHtmlCacheBehavior [ RunTime:0.000976s ]
INFO: [ app_begin ] --END-- [ RunTime:0.001953s ]
NOTIC: [8] Undefined index: user E:\github\mx_renwu\Application\Common\Controller\AdminBaseController.class.php 第 16 行.
ERR: SQLSTATE[HY000] [1045] Access denied for user 'rw_lgt1994_top'@'localhost' (using password: YES)

[ 2020-02-17T13:15:14+08:00 ] 127.0.0.1 /index.php/admin
INFO: [ app_init ] --START--
INFO: Run Behavior\BuildLiteBehavior [ RunTime:0.000000s ]
INFO: [ app_init ] --END-- [ RunTime:0.001953s ]
INFO: [ app_begin ] --START--
INFO: Run Behavior\ReadHtmlCacheBehavior [ RunTime:0.000976s ]
INFO: [ app_begin ] --END-- [ RunTime:0.001953s ]
NOTIC: [8] Undefined index: user E:\github\mx_renwu\Application\Common\Controller\AdminBaseController.class.php 第 16 行.
SQL: SHOW COLUMNS FROM `dt_auth_group_access` [ RunTime:0.0352s ]
SQL: SELECT `uid`,`group_id`,`title`,`rules` FROM dt_auth_group_access a INNER JOIN dt_auth_group g on a.group_id=g.id  WHERE ( a.uid='' and g.status='1' )  [ RunTime:0.0225s ]
INFO: [ view_parse ] --START--
INFO: [ template_filter ] --START--
INFO: Run Behavior\ContentReplaceBehavior [ RunTime:0.000000s ]
INFO: [ template_filter ] --END-- [ RunTime:0.000000s ]
INFO: Run Behavior\ParseTemplateBehavior [ RunTime:0.020507s ]
INFO: [ view_parse ] --END-- [ RunTime:0.020507s ]
INFO: [ view_filter ] --START--
INFO: Run Behavior\WriteHtmlCacheBehavior [ RunTime:0.000977s ]
INFO: [ view_filter ] --END-- [ RunTime:0.001954s ]

[ 2020-02-17T13:15:16+08:00 ] 127.0.0.1 /index.php/Admin/Public/login.html
INFO: [ app_init ] --START--
INFO: Run Behavior\BuildLiteBehavior [ RunTime:0.000000s ]
INFO: [ app_init ] --END-- [ RunTime:0.000977s ]
INFO: [ app_begin ] --START--
INFO: Run Behavior\ReadHtmlCacheBehavior [ RunTime:0.000976s ]
INFO: [ app_begin ] --END-- [ RunTime:0.000976s ]
INFO: [ view_parse ] --START--
INFO: [ template_filter ] --START--
INFO: Run Behavior\ContentReplaceBehavior [ RunTime:0.000976s ]
INFO: [ template_filter ] --END-- [ RunTime:0.000976s ]
INFO: Run Behavior\ParseTemplateBehavior [ RunTime:0.106445s ]
INFO: [ view_parse ] --END-- [ RunTime:0.106445s ]
INFO: [ view_filter ] --START--
INFO: Run Behavior\WriteHtmlCacheBehavior [ RunTime:0.000000s ]
INFO: [ view_filter ] --END-- [ RunTime:0.001953s ]
INFO: [ app_end ] --START--
INFO: Run Behavior\ShowPageTraceBehavior [ RunTime:0.001953s ]
INFO: [ app_end ] --END-- [ RunTime:0.001953s ]

[ 2020-02-17T13:15:32+08:00 ] 127.0.0.1 /index.php/Admin/Public/login.html
INFO: [ app_init ] --START--
INFO: Run Behavior\BuildLiteBehavior [ RunTime:0.000000s ]
INFO: [ app_init ] --END-- [ RunTime:0.000977s ]
INFO: [ app_begin ] --START--
INFO: Run Behavior\ReadHtmlCacheBehavior [ RunTime:0.000977s ]
INFO: [ app_begin ] --END-- [ RunTime:0.000977s ]
SQL: SHOW COLUMNS FROM `dt_users` [ RunTime:0.0029s ]
SQL: SELECT * FROM `dt_users` WHERE `username` = 'admin' AND `password` = '39b5177e82858ecc5661a2077b58edc3' LIMIT 1   [ RunTime:0.0010s ]
INFO: [ view_parse ] --START--
INFO: [ template_filter ] --START--
INFO: Run Behavior\ContentReplaceBehavior [ RunTime:0.000000s ]
INFO: [ template_filter ] --END-- [ RunTime:0.000000s ]
INFO: Run Behavior\ParseTemplateBehavior [ RunTime:0.018555s ]
INFO: [ view_parse ] --END-- [ RunTime:0.018555s ]
INFO: [ view_filter ] --START--
INFO: Run Behavior\WriteHtmlCacheBehavior [ RunTime:0.000977s ]
INFO: [ view_filter ] --END-- [ RunTime:0.000977s ]

[ 2020-02-17T13:15:35+08:00 ] 127.0.0.1 /index.php/Admin/Public/login.html
INFO: [ app_init ] --START--
INFO: Run Behavior\BuildLiteBehavior [ RunTime:0.000976s ]
INFO: [ app_init ] --END-- [ RunTime:0.000976s ]
INFO: [ app_begin ] --START--
INFO: Run Behavior\ReadHtmlCacheBehavior [ RunTime:0.000976s ]
INFO: [ app_begin ] --END-- [ RunTime:0.001953s ]
INFO: [ view_parse ] --START--
INFO: [ template_filter ] --START--
INFO: Run Behavior\ContentReplaceBehavior [ RunTime:0.000000s ]
INFO: [ template_filter ] --END-- [ RunTime:0.000976s ]
INFO: Run Behavior\ParseTemplateBehavior [ RunTime:0.026368s ]
INFO: [ view_parse ] --END-- [ RunTime:0.026368s ]
INFO: [ view_filter ] --START--
INFO: Run Behavior\WriteHtmlCacheBehavior [ RunTime:0.000977s ]
INFO: [ view_filter ] --END-- [ RunTime:0.000977s ]
INFO: [ app_end ] --START--
INFO: Run Behavior\ShowPageTraceBehavior [ RunTime:0.001953s ]
INFO: [ app_end ] --END-- [ RunTime:0.001953s ]

[ 2020-02-17T13:15:54+08:00 ] 127.0.0.1 /index.php/Admin/Public/login.html
INFO: [ app_init ] --START--
INFO: Run Behavior\BuildLiteBehavior [ RunTime:0.000000s ]
INFO: [ app_init ] --END-- [ RunTime:0.000977s ]
INFO: [ app_begin ] --START--
INFO: Run Behavior\ReadHtmlCacheBehavior [ RunTime:0.001953s ]
INFO: [ app_begin ] --END-- [ RunTime:0.001953s ]
SQL: SHOW COLUMNS FROM `dt_users` [ RunTime:0.0020s ]
SQL: SELECT * FROM `dt_users` WHERE `username` = 'admin' AND `password` = 'cc077e4074d58b5b3afe96921b220364' LIMIT 1   [ RunTime:0.0010s ]

[ 2020-02-17T13:15:55+08:00 ] 127.0.0.1 /index.php/Admin/Index/index.html
INFO: [ app_init ] --START--
INFO: Run Behavior\BuildLiteBehavior [ RunTime:0.000000s ]
INFO: [ app_init ] --END-- [ RunTime:0.001953s ]
INFO: [ app_begin ] --START--
INFO: Run Behavior\ReadHtmlCacheBehavior [ RunTime:0.001953s ]
INFO: [ app_begin ] --END-- [ RunTime:0.001953s ]
SQL: SHOW COLUMNS FROM `dt_auth_group_access` [ RunTime:0.0020s ]
SQL: SELECT `uid`,`group_id`,`title`,`rules` FROM dt_auth_group_access a INNER JOIN dt_auth_group g on a.group_id=g.id  WHERE ( a.uid='88' and g.status='1' )  [ RunTime:0.0156s ]
SQL: SHOW COLUMNS FROM `dt_auth_rule` [ RunTime:0.0039s ]
SQL: SELECT `condition`,`name` FROM `dt_auth_rule` WHERE `id` IN ('6','96','20','1','2','3','4','5','64','7','8','9','10','11','12','13','14','15','16','123','124','125','19','164','104','105','106','108','118','153','109','110','111','112','117','148','149','150','185','134','135','136','137','139','151','182','183','184','186','161','165','166','167','147','162','163','179','180','181','157','158','168','169','171','172','173','174','175','176','177','178') AND `type` = 1 AND `status` = 1  [ RunTime:0.0107s ]
NOTIC: [2048] Declaration of Common\Model\AdminNavModel::getTreeData() should be compatible with Common\Model\BaseModel::getTreeData($type = 'tree', $order = '', $name = 'name', $child = 'id', $parent = 'pid') E:\github\mx_renwu\Application\Common\Model\AdminNavModel.class.php 第 7 行.
SQL: SHOW COLUMNS FROM `dt_admin_nav` [ RunTime:0.0029s ]
SQL: SELECT * FROM `dt_admin_nav` ORDER BY order_number is null,`order_number`,`id`  [ RunTime:0.0127s ]
INFO: [ view_parse ] --START--
INFO: [ template_filter ] --START--
INFO: Run Behavior\ContentReplaceBehavior [ RunTime:0.000000s ]
INFO: [ template_filter ] --END-- [ RunTime:0.000977s ]
INFO: Run Behavior\ParseTemplateBehavior [ RunTime:0.101563s ]
INFO: [ view_parse ] --END-- [ RunTime:0.101563s ]
INFO: [ view_filter ] --START--
INFO: Run Behavior\WriteHtmlCacheBehavior [ RunTime:0.001953s ]
INFO: [ view_filter ] --END-- [ RunTime:0.001953s ]
INFO: [ app_end ] --START--
INFO: Run Behavior\ShowPageTraceBehavior [ RunTime:0.001953s ]
INFO: [ app_end ] --END-- [ RunTime:0.001953s ]

[ 2020-02-17T13:15:57+08:00 ] 127.0.0.1 /index.php/Admin/Index/tongji.html
INFO: [ app_init ] --START--
INFO: Run Behavior\BuildLiteBehavior [ RunTime:0.000000s ]
INFO: [ app_init ] --END-- [ RunTime:0.001953s ]
INFO: [ app_begin ] --START--
INFO: Run Behavior\ReadHtmlCacheBehavior [ RunTime:0.004883s ]
INFO: [ app_begin ] --END-- [ RunTime:0.004883s ]
SQL: SHOW COLUMNS FROM `dt_auth_group_access` [ RunTime:0.0029s ]
SQL: SELECT `uid`,`group_id`,`title`,`rules` FROM dt_auth_group_access a INNER JOIN dt_auth_group g on a.group_id=g.id  WHERE ( a.uid='88' and g.status='1' )  [ RunTime:0.0020s ]
SQL: SHOW COLUMNS FROM `dt_auth_rule` [ RunTime:0.0010s ]
SQL: SELECT `condition`,`name` FROM `dt_auth_rule` WHERE `id` IN ('6','96','20','1','2','3','4','5','64','7','8','9','10','11','12','13','14','15','16','123','124','125','19','164','104','105','106','108','118','153','109','110','111','112','117','148','149','150','185','134','135','136','137','139','151','182','183','184','186','161','165','166','167','147','162','163','179','180','181','157','158','168','169','171','172','173','174','175','176','177','178') AND `type` = 1 AND `status` = 1  [ RunTime:0.0010s ]
SQL: SHOW COLUMNS FROM `dt_task_apply` [ RunTime:0.0029s ]
SQL: SELECT COUNT(*) AS tp_count FROM `dt_task_apply` WHERE `status` = 1 LIMIT 1   [ RunTime:0.6602s ]
SQL: SHOW COLUMNS FROM `dt_member_tixian` [ RunTime:0.0029s ]
SQL: SELECT COUNT(*) AS tp_count FROM `dt_member_tixian` WHERE `status` = 0 LIMIT 1   [ RunTime:0.0010s ]
SQL: SHOW COLUMNS FROM `dt_member` [ RunTime:0.0039s ]
SQL: SELECT COUNT(*) AS tp_count FROM `dt_member` LIMIT 1   [ RunTime:0.0010s ]
SQL: SHOW COLUMNS FROM `dt_task` [ RunTime:0.0029s ]
SQL: SELECT COUNT(*) AS tp_count FROM `dt_task` LIMIT 1   [ RunTime:0.0000s ]
SQL: SELECT COUNT(*) AS tp_count FROM `dt_task_apply` WHERE `status` = 2 LIMIT 1   [ RunTime:0.0010s ]
SQL: SHOW COLUMNS FROM `dt_pay` [ RunTime:0.0039s ]
SQL: SELECT SUM(price) AS tp_sum FROM `dt_pay` LIMIT 1   [ RunTime:0.1045s ]
SQL: SELECT SUM(price) AS tp_sum FROM `dt_member_tixian` WHERE `status` = 1 LIMIT 1   [ RunTime:0.0000s ]
SQL: SELECT SUM(price) AS tp_sum FROM `dt_member` LIMIT 1   [ RunTime:0.0000s ]
SQL: SELECT SUM(price) AS tp_sum FROM `dt_pay` WHERE ( ( create_time >= 1581782400 and create_time < 1581868800 ) ) LIMIT 1   [ RunTime:0.0410s ]
SQL: SELECT SUM(price) AS tp_sum FROM `dt_pay` WHERE ( ( create_time >= 1581264000 and create_time < 1581868800 ) ) LIMIT 1   [ RunTime:0.0000s ]
SQL: SELECT SUM(price) AS tp_sum FROM `dt_pay` WHERE ( ( create_time >= 1579276800 and create_time < 1581868800 ) ) LIMIT 1   [ RunTime:0.0010s ]
SQL: SELECT COUNT(*) AS tp_count FROM `dt_task_apply` WHERE `status` = 2 AND ( ( create_time >= 1581782400 and create_time < 1581868800 ) ) LIMIT 1   [ RunTime:0.0000s ]
SQL: SELECT COUNT(*) AS tp_count FROM `dt_task_apply` WHERE `status` = 2 AND ( ( create_time >= 1581264000 and create_time < 1581868800 ) ) LIMIT 1   [ RunTime:0.0010s ]
SQL: SELECT COUNT(*) AS tp_count FROM `dt_task_apply` WHERE `status` = 2 AND ( ( create_time >= 1579276800 and create_time < 1581868800 ) ) LIMIT 1   [ RunTime:0.0010s ]
SQL: select sum(price) as sub_total_price, count(id) as sub_number, FROM_UNIXTIME(create_time, '%Y-%m-%d' ) as `date` from dt_pay where 1 and ( create_time >= 1579276800 and create_time < 1581955199 ) GROUP BY FROM_UNIXTIME(create_time, '%Y%m%d' ) [ RunTime:0.4971s ]
INFO: [ view_parse ] --START--
INFO: [ template_filter ] --START--
INFO: Run Behavior\ContentReplaceBehavior [ RunTime:0.000977s ]
INFO: [ template_filter ] --END-- [ RunTime:0.000977s ]
INFO: Run Behavior\ParseTemplateBehavior [ RunTime:0.056640s ]
INFO: [ view_parse ] --END-- [ RunTime:0.057617s ]
INFO: [ view_filter ] --START--
INFO: Run Behavior\WriteHtmlCacheBehavior [ RunTime:0.000976s ]
INFO: [ view_filter ] --END-- [ RunTime:0.001953s ]
INFO: [ app_end ] --START--
INFO: Run Behavior\ShowPageTraceBehavior [ RunTime:0.001953s ]
INFO: [ app_end ] --END-- [ RunTime:0.001953s ]

[ 2020-02-17T13:16:05+08:00 ] 127.0.0.1 /index.php/Admin/Advert/index.html
INFO: [ app_init ] --START--
INFO: Run Behavior\BuildLiteBehavior [ RunTime:0.000000s ]
INFO: [ app_init ] --END-- [ RunTime:0.000976s ]
INFO: [ app_begin ] --START--
INFO: Run Behavior\ReadHtmlCacheBehavior [ RunTime:0.001953s ]
INFO: [ app_begin ] --END-- [ RunTime:0.001953s ]
SQL: SHOW COLUMNS FROM `dt_auth_group_access` [ RunTime:0.0020s ]
SQL: SELECT `uid`,`group_id`,`title`,`rules` FROM dt_auth_group_access a INNER JOIN dt_auth_group g on a.group_id=g.id  WHERE ( a.uid='88' and g.status='1' )  [ RunTime:0.0010s ]
SQL: SHOW COLUMNS FROM `dt_auth_rule` [ RunTime:0.0020s ]
SQL: SELECT `condition`,`name` FROM `dt_auth_rule` WHERE `id` IN ('6','96','20','1','2','3','4','5','64','7','8','9','10','11','12','13','14','15','16','123','124','125','19','164','104','105','106','108','118','153','109','110','111','112','117','148','149','150','185','134','135','136','137','139','151','182','183','184','186','161','165','166','167','147','162','163','179','180','181','157','158','168','169','171','172','173','174','175','176','177','178') AND `type` = 1 AND `status` = 1  [ RunTime:0.0010s ]
NOTIC: [8] Undefined variable: map E:\github\mx_renwu\Application\Common\Controller\AdminBaseController.class.php 第 112 行.
SQL: SHOW COLUMNS FROM `dt_advert` [ RunTime:0.0029s ]
SQL: SELECT COUNT(*) AS tp_count FROM `dt_advert` LIMIT 1   [ RunTime:0.0000s ]
NOTIC: [2048] Only variables should be passed by reference E:\github\mx_renwu\ThinkPHP\Library\Think\Db\Driver.class.php 第 769 行.
NOTIC: [2048] Only variables should be passed by reference E:\github\mx_renwu\ThinkPHP\Library\Think\Db\Driver.class.php 第 769 行.
NOTIC: [2048] Only variables should be passed by reference E:\github\mx_renwu\ThinkPHP\Library\Think\Db\Driver.class.php 第 769 行.
SQL: SELECT * FROM `dt_advert` ORDER BY `cid` asc,`sort` asc,`id` asc LIMIT 0,100   [ RunTime:0.0010s ]
INFO: [ view_parse ] --START--
INFO: [ template_filter ] --START--
INFO: Run Behavior\ContentReplaceBehavior [ RunTime:0.000977s ]
INFO: [ template_filter ] --END-- [ RunTime:0.000977s ]
NOTIC: [8] Undefined index: cid E:\github\mx_renwu\Runtime\Cache\Admin\afbfe53b6431faf8902203e27aacdcf2.php 第 52 行.
NOTIC: [8] Undefined index: cid E:\github\mx_renwu\Runtime\Cache\Admin\afbfe53b6431faf8902203e27aacdcf2.php 第 52 行.
NOTIC: [8] Undefined index: cid E:\github\mx_renwu\Runtime\Cache\Admin\afbfe53b6431faf8902203e27aacdcf2.php 第 52 行.
INFO: Run Behavior\ParseTemplateBehavior [ RunTime:0.048828s ]
INFO: [ view_parse ] --END-- [ RunTime:0.048828s ]
INFO: [ view_filter ] --START--
INFO: Run Behavior\WriteHtmlCacheBehavior [ RunTime:0.000977s ]
INFO: [ view_filter ] --END-- [ RunTime:0.001953s ]
INFO: [ app_end ] --START--
INFO: Run Behavior\ShowPageTraceBehavior [ RunTime:0.000977s ]
INFO: [ app_end ] --END-- [ RunTime:0.001954s ]

[ 2020-02-17T13:16:06+08:00 ] 127.0.0.1 /index.php/Admin/Page/index.html
INFO: [ app_init ] --START--
INFO: Run Behavior\BuildLiteBehavior [ RunTime:0.000000s ]
INFO: [ app_init ] --END-- [ RunTime:0.000976s ]
INFO: [ app_begin ] --START--
INFO: Run Behavior\ReadHtmlCacheBehavior [ RunTime:0.000976s ]
INFO: [ app_begin ] --END-- [ RunTime:0.001953s ]
SQL: SHOW COLUMNS FROM `dt_auth_group_access` [ RunTime:0.0020s ]
SQL: SELECT `uid`,`group_id`,`title`,`rules` FROM dt_auth_group_access a INNER JOIN dt_auth_group g on a.group_id=g.id  WHERE ( a.uid='88' and g.status='1' )  [ RunTime:0.0020s ]
SQL: SHOW COLUMNS FROM `dt_auth_rule` [ RunTime:0.0020s ]
SQL: SELECT `condition`,`name` FROM `dt_auth_rule` WHERE `id` IN ('6','96','20','1','2','3','4','5','64','7','8','9','10','11','12','13','14','15','16','123','124','125','19','164','104','105','106','108','118','153','109','110','111','112','117','148','149','150','185','134','135','136','137','139','151','182','183','184','186','161','165','166','167','147','162','163','179','180','181','157','158','168','169','171','172','173','174','175','176','177','178') AND `type` = 1 AND `status` = 1  [ RunTime:0.0010s ]
NOTIC: [8] Undefined variable: map E:\github\mx_renwu\Application\Common\Controller\AdminBaseController.class.php 第 112 行.
SQL: SHOW COLUMNS FROM `dt_page` [ RunTime:0.0020s ]
SQL: SELECT COUNT(*) AS tp_count FROM `dt_page` LIMIT 1   [ RunTime:0.0000s ]
NOTIC: [2048] Only variables should be passed by reference E:\github\mx_renwu\ThinkPHP\Library\Think\Db\Driver.class.php 第 769 行.
NOTIC: [2048] Only variables should be passed by reference E:\github\mx_renwu\ThinkPHP\Library\Think\Db\Driver.class.php 第 769 行.
SQL: SELECT * FROM `dt_page` ORDER BY `sort` asc,`id` asc LIMIT 0,20   [ RunTime:0.0000s ]
INFO: [ view_parse ] --START--
INFO: [ template_filter ] --START--
INFO: Run Behavior\ContentReplaceBehavior [ RunTime:0.000000s ]
INFO: [ template_filter ] --END-- [ RunTime:0.000977s ]
INFO: Run Behavior\ParseTemplateBehavior [ RunTime:0.030273s ]
INFO: [ view_parse ] --END-- [ RunTime:0.031250s ]
INFO: [ view_filter ] --START--
INFO: Run Behavior\WriteHtmlCacheBehavior [ RunTime:0.000977s ]
INFO: [ view_filter ] --END-- [ RunTime:0.000977s ]
INFO: [ app_end ] --START--
INFO: Run Behavior\ShowPageTraceBehavior [ RunTime:0.001953s ]
INFO: [ app_end ] --END-- [ RunTime:0.001953s ]

[ 2020-02-17T13:16:08+08:00 ] 127.0.0.1 /index.php/Admin/SystemConfig/set.html
INFO: [ app_init ] --START--
INFO: Run Behavior\BuildLiteBehavior [ RunTime:0.000000s ]
INFO: [ app_init ] --END-- [ RunTime:0.000977s ]
INFO: [ app_begin ] --START--
INFO: Run Behavior\ReadHtmlCacheBehavior [ RunTime:0.000977s ]
INFO: [ app_begin ] --END-- [ RunTime:0.000977s ]
SQL: SHOW COLUMNS FROM `dt_auth_group_access` [ RunTime:0.0020s ]
SQL: SELECT `uid`,`group_id`,`title`,`rules` FROM dt_auth_group_access a INNER JOIN dt_auth_group g on a.group_id=g.id  WHERE ( a.uid='88' and g.status='1' )  [ RunTime:0.0020s ]
SQL: SHOW COLUMNS FROM `dt_auth_rule` [ RunTime:0.0010s ]
SQL: SELECT `condition`,`name` FROM `dt_auth_rule` WHERE `id` IN ('6','96','20','1','2','3','4','5','64','7','8','9','10','11','12','13','14','15','16','123','124','125','19','164','104','105','106','108','118','153','109','110','111','112','117','148','149','150','185','134','135','136','137','139','151','182','183','184','186','161','165','166','167','147','162','163','179','180','181','157','158','168','169','171','172','173','174','175','176','177','178') AND `type` = 1 AND `status` = 1  [ RunTime:0.0010s ]
INFO: [ view_parse ] --START--
INFO: [ template_filter ] --START--
INFO: Run Behavior\ContentReplaceBehavior [ RunTime:0.000977s ]
INFO: [ template_filter ] --END-- [ RunTime:0.000977s ]
NOTIC: [8] Undefined index: open_wx_login E:\github\mx_renwu\Runtime\Cache\Admin\dcf868a33d599a00a8c4c4676854e874.php 第 77 行.
NOTIC: [8] Undefined index: vip_msg E:\github\mx_renwu\Runtime\Cache\Admin\dcf868a33d599a00a8c4c4676854e874.php 第 101 行.
NOTIC: [8] Undefined index: wxpay_99 E:\github\mx_renwu\Runtime\Cache\Admin\dcf868a33d599a00a8c4c4676854e874.php 第 109 行.
NOTIC: [8] Undefined index: wxpay_999 E:\github\mx_renwu\Runtime\Cache\Admin\dcf868a33d599a00a8c4c4676854e874.php 第 117 行.
NOTIC: [8] Undefined index: share_logo E:\github\mx_renwu\Runtime\Cache\Admin\dcf868a33d599a00a8c4c4676854e874.php 第 125 行.
NOTIC: [8] Undefined index: qrcode E:\github\mx_renwu\Runtime\Cache\Admin\dcf868a33d599a00a8c4c4676854e874.php 第 133 行.
INFO: Run Behavior\ParseTemplateBehavior [ RunTime:0.027344s ]
INFO: [ view_parse ] --END-- [ RunTime:0.027344s ]
INFO: [ view_filter ] --START--
INFO: Run Behavior\WriteHtmlCacheBehavior [ RunTime:0.000000s ]
INFO: [ view_filter ] --END-- [ RunTime:0.000976s ]
INFO: [ app_end ] --START--
INFO: Run Behavior\ShowPageTraceBehavior [ RunTime:0.000976s ]
INFO: [ app_end ] --END-- [ RunTime:0.002930s ]

[ 2020-02-17T13:16:42+08:00 ] 127.0.0.1 /index.php/Admin/Task/index.html
INFO: [ app_init ] --START--
INFO: Run Behavior\BuildLiteBehavior [ RunTime:0.000000s ]
INFO: [ app_init ] --END-- [ RunTime:0.001953s ]
INFO: [ app_begin ] --START--
INFO: Run Behavior\ReadHtmlCacheBehavior [ RunTime:0.000977s ]
INFO: [ app_begin ] --END-- [ RunTime:0.001953s ]
SQL: SHOW COLUMNS FROM `dt_auth_group_access` [ RunTime:0.0039s ]
SQL: SELECT `uid`,`group_id`,`title`,`rules` FROM dt_auth_group_access a INNER JOIN dt_auth_group g on a.group_id=g.id  WHERE ( a.uid='88' and g.status='1' )  [ RunTime:0.0020s ]
SQL: SHOW COLUMNS FROM `dt_auth_rule` [ RunTime:0.0020s ]
SQL: SELECT `condition`,`name` FROM `dt_auth_rule` WHERE `id` IN ('6','96','20','1','2','3','4','5','64','7','8','9','10','11','12','13','14','15','16','123','124','125','19','164','104','105','106','108','118','153','109','110','111','112','117','148','149','150','185','134','135','136','137','139','151','182','183','184','186','161','165','166','167','147','162','163','179','180','181','157','158','168','169','171','172','173','174','175','176','177','178') AND `type` = 1 AND `status` = 1  [ RunTime:0.0010s ]
SQL: SHOW COLUMNS FROM `dt_level` [ RunTime:0.0039s ]
NOTIC: [2048] Only variables should be passed by reference E:\github\mx_renwu\ThinkPHP\Library\Think\Db\Driver.class.php 第 769 行.
SQL: SELECT * FROM `dt_level` ORDER BY `id` asc  [ RunTime:0.0010s ]
NOTIC: [8] Undefined variable: map E:\github\mx_renwu\Application\Common\Controller\AdminBaseController.class.php 第 112 行.
SQL: SHOW COLUMNS FROM `dt_task` [ RunTime:0.0020s ]
SQL: SELECT COUNT(*) AS tp_count FROM `dt_task` LIMIT 1   [ RunTime:0.0010s ]
NOTIC: [2048] Only variables should be passed by reference E:\github\mx_renwu\ThinkPHP\Library\Think\Db\Driver.class.php 第 769 行.
SQL: SELECT * FROM `dt_task` ORDER BY `id` desc LIMIT 0,20   [ RunTime:0.0010s ]
INFO: [ view_parse ] --START--
INFO: [ template_filter ] --START--
INFO: Run Behavior\ContentReplaceBehavior [ RunTime:0.000977s ]
INFO: [ template_filter ] --END-- [ RunTime:0.000977s ]
NOTIC: [8] Undefined index: type E:\github\mx_renwu\Runtime\Cache\Admin\50e054dd6e9446b43f58e54b1cb79bed.php 第 51 行.
NOTIC: [8] Undefined index: type E:\github\mx_renwu\Runtime\Cache\Admin\50e054dd6e9446b43f58e54b1cb79bed.php 第 51 行.
NOTIC: [8] Undefined index: type E:\github\mx_renwu\Runtime\Cache\Admin\50e054dd6e9446b43f58e54b1cb79bed.php 第 51 行.
NOTIC: [8] Undefined index: level E:\github\mx_renwu\Runtime\Cache\Admin\50e054dd6e9446b43f58e54b1cb79bed.php 第 59 行.
NOTIC: [8] Undefined index: level E:\github\mx_renwu\Runtime\Cache\Admin\50e054dd6e9446b43f58e54b1cb79bed.php 第 59 行.
NOTIC: [8] Undefined index: level E:\github\mx_renwu\Runtime\Cache\Admin\50e054dd6e9446b43f58e54b1cb79bed.php 第 59 行.
NOTIC: [8] Undefined index: level E:\github\mx_renwu\Runtime\Cache\Admin\50e054dd6e9446b43f58e54b1cb79bed.php 第 59 行.
NOTIC: [8] Undefined index: level E:\github\mx_renwu\Runtime\Cache\Admin\50e054dd6e9446b43f58e54b1cb79bed.php 第 59 行.
NOTIC: [8] Undefined index: start_date E:\github\mx_renwu\Runtime\Cache\Admin\50e054dd6e9446b43f58e54b1cb79bed.php 第 65 行.
NOTIC: [8] Undefined index: end_date E:\github\mx_renwu\Runtime\Cache\Admin\50e054dd6e9446b43f58e54b1cb79bed.php 第 66 行.
INFO: Run Behavior\ParseTemplateBehavior [ RunTime:0.056641s ]
INFO: [ view_parse ] --END-- [ RunTime:0.057617s ]
INFO: [ view_filter ] --START--
INFO: Run Behavior\WriteHtmlCacheBehavior [ RunTime:0.000977s ]
INFO: [ view_filter ] --END-- [ RunTime:0.000977s ]
INFO: [ app_end ] --START--
INFO: Run Behavior\ShowPageTraceBehavior [ RunTime:0.001953s ]
INFO: [ app_end ] --END-- [ RunTime:0.001953s ]

[ 2020-02-17T13:16:45+08:00 ] 127.0.0.1 /index.php/Admin/Member/index.html
INFO: [ app_init ] --START--
INFO: Run Behavior\BuildLiteBehavior [ RunTime:0.000000s ]
INFO: [ app_init ] --END-- [ RunTime:0.000976s ]
INFO: [ app_begin ] --START--
INFO: Run Behavior\ReadHtmlCacheBehavior [ RunTime:0.000976s ]
INFO: [ app_begin ] --END-- [ RunTime:0.001953s ]
SQL: SHOW COLUMNS FROM `dt_auth_group_access` [ RunTime:0.0020s ]
SQL: SELECT `uid`,`group_id`,`title`,`rules` FROM dt_auth_group_access a INNER JOIN dt_auth_group g on a.group_id=g.id  WHERE ( a.uid='88' and g.status='1' )  [ RunTime:0.0020s ]
SQL: SHOW COLUMNS FROM `dt_auth_rule` [ RunTime:0.0010s ]
SQL: SELECT `condition`,`name` FROM `dt_auth_rule` WHERE `id` IN ('6','96','20','1','2','3','4','5','64','7','8','9','10','11','12','13','14','15','16','123','124','125','19','164','104','105','106','108','118','153','109','110','111','112','117','148','149','150','185','134','135','136','137','139','151','182','183','184','186','161','165','166','167','147','162','163','179','180','181','157','158','168','169','171','172','173','174','175','176','177','178') AND `type` = 1 AND `status` = 1  [ RunTime:0.0010s ]
SQL: SHOW COLUMNS FROM `dt_member` [ RunTime:0.0020s ]
SQL: SHOW COLUMNS FROM `dt_level` [ RunTime:0.0029s ]
SQL: SELECT COUNT(*) AS tp_count FROM `dt_member` LIMIT 1   [ RunTime:0.0000s ]
SQL: SHOW COLUMNS FROM `dt_level` [ RunTime:0.0010s ]
NOTIC: [2048] Only variables should be passed by reference E:\github\mx_renwu\ThinkPHP\Library\Think\Db\Driver.class.php 第 769 行.
SQL: SELECT * FROM `dt_level` ORDER BY `id` asc  [ RunTime:0.0010s ]
SQL: SELECT COUNT(*) AS tp_count FROM `dt_member` WHERE `level` = 0 LIMIT 1   [ RunTime:0.0000s ]
SQL: SELECT COUNT(*) AS tp_count FROM `dt_member` WHERE `level` = 1 LIMIT 1   [ RunTime:0.0010s ]
SQL: SELECT COUNT(*) AS tp_count FROM `dt_member` WHERE `level` = 2 LIMIT 1   [ RunTime:0.0000s ]
SQL: SELECT COUNT(*) AS tp_count FROM `dt_member` WHERE `level` = 3 LIMIT 1   [ RunTime:0.0000s ]
NOTIC: [8] Undefined variable: map E:\github\mx_renwu\Application\Common\Controller\AdminBaseController.class.php 第 112 行.
SQL: SELECT COUNT(*) AS tp_count FROM `dt_member` LIMIT 1   [ RunTime:0.0000s ]
NOTIC: [2048] Only variables should be passed by reference E:\github\mx_renwu\ThinkPHP\Library\Think\Db\Driver.class.php 第 769 行.
SQL: SELECT * FROM `dt_member` ORDER BY `id` desc LIMIT 0,30   [ RunTime:0.0000s ]
SQL: SELECT COUNT(*) AS tp_count FROM `dt_member` WHERE ( p1=88892 or p2=88892 or p3=88892 ) LIMIT 1   [ RunTime:0.0000s ]
SQL: SELECT COUNT(*) AS tp_count FROM `dt_member` WHERE ( p1=88891 or p2=88891 or p3=88891 ) LIMIT 1   [ RunTime:0.0010s ]
SQL: SELECT COUNT(*) AS tp_count FROM `dt_member` WHERE ( p1=88890 or p2=88890 or p3=88890 ) LIMIT 1   [ RunTime:0.0010s ]
SQL: SELECT COUNT(*) AS tp_count FROM `dt_member` WHERE ( p1=88889 or p2=88889 or p3=88889 ) LIMIT 1   [ RunTime:0.0000s ]
SQL: SELECT COUNT(*) AS tp_count FROM `dt_member` WHERE ( p1=88888 or p2=88888 or p3=88888 ) LIMIT 1   [ RunTime:0.0010s ]
NOTIC: [2048] Only variables should be passed by reference E:\github\mx_renwu\ThinkPHP\Library\Think\Db\Driver.class.php 第 769 行.
SQL: SELECT * FROM `dt_level` ORDER BY `id` asc  [ RunTime:0.0000s ]
INFO: [ view_parse ] --START--
INFO: [ template_filter ] --START--
INFO: Run Behavior\ContentReplaceBehavior [ RunTime:0.000000s ]
INFO: [ template_filter ] --END-- [ RunTime:0.001953s ]
NOTIC: [8] Undefined index: level E:\github\mx_renwu\Runtime\Cache\Admin\c36ad2088ecfedbb1e6e6aebc8965af2.php 第 55 行.
NOTIC: [8] Undefined index: level E:\github\mx_renwu\Runtime\Cache\Admin\c36ad2088ecfedbb1e6e6aebc8965af2.php 第 56 行.
NOTIC: [8] Use of undefined constant level - assumed 'level' E:\github\mx_renwu\Runtime\Cache\Admin\c36ad2088ecfedbb1e6e6aebc8965af2.php 第 56 行.
NOTIC: [8] Undefined index: level E:\github\mx_renwu\Runtime\Cache\Admin\c36ad2088ecfedbb1e6e6aebc8965af2.php 第 56 行.
NOTIC: [8] Undefined index: level E:\github\mx_renwu\Runtime\Cache\Admin\c36ad2088ecfedbb1e6e6aebc8965af2.php 第 56 行.
NOTIC: [8] Use of undefined constant level - assumed 'level' E:\github\mx_renwu\Runtime\Cache\Admin\c36ad2088ecfedbb1e6e6aebc8965af2.php 第 56 行.
NOTIC: [8] Undefined index: level E:\github\mx_renwu\Runtime\Cache\Admin\c36ad2088ecfedbb1e6e6aebc8965af2.php 第 56 行.
NOTIC: [8] Use of undefined constant level - assumed 'level' E:\github\mx_renwu\Runtime\Cache\Admin\c36ad2088ecfedbb1e6e6aebc8965af2.php 第 56 行.
NOTIC: [8] Undefined index: level E:\github\mx_renwu\Runtime\Cache\Admin\c36ad2088ecfedbb1e6e6aebc8965af2.php 第 56 行.
NOTIC: [8] Use of undefined constant level - assumed 'level' E:\github\mx_renwu\Runtime\Cache\Admin\c36ad2088ecfedbb1e6e6aebc8965af2.php 第 56 行.
NOTIC: [8] Undefined index: id E:\github\mx_renwu\Runtime\Cache\Admin\c36ad2088ecfedbb1e6e6aebc8965af2.php 第 65 行.
NOTIC: [8] Undefined index: keywords E:\github\mx_renwu\Runtime\Cache\Admin\c36ad2088ecfedbb1e6e6aebc8965af2.php 第 71 行.
NOTIC: [8] Undefined index: start_date E:\github\mx_renwu\Runtime\Cache\Admin\c36ad2088ecfedbb1e6e6aebc8965af2.php 第 76 行.
NOTIC: [8] Undefined index: end_date E:\github\mx_renwu\Runtime\Cache\Admin\c36ad2088ecfedbb1e6e6aebc8965af2.php 第 78 行.
NOTIC: [8] Undefined index: is_area E:\github\mx_renwu\Runtime\Cache\Admin\c36ad2088ecfedbb1e6e6aebc8965af2.php 第 81 行.
INFO: Run Behavior\ParseTemplateBehavior [ RunTime:0.083985s ]
INFO: [ view_parse ] --END-- [ RunTime:0.084961s ]
INFO: [ view_filter ] --START--
INFO: Run Behavior\WriteHtmlCacheBehavior [ RunTime:0.001953s ]
INFO: [ view_filter ] --END-- [ RunTime:0.001953s ]
INFO: [ app_end ] --START--
INFO: Run Behavior\ShowPageTraceBehavior [ RunTime:0.001954s ]
INFO: [ app_end ] --END-- [ RunTime:0.002930s ]

[ 2020-02-17T13:16:53+08:00 ] 127.0.0.1 /index.php/Admin/Member/handle/id/88892/role/1.html
INFO: [ app_init ] --START--
INFO: Run Behavior\BuildLiteBehavior [ RunTime:0.000000s ]
INFO: [ app_init ] --END-- [ RunTime:0.000977s ]
INFO: [ app_begin ] --START--
INFO: Run Behavior\ReadHtmlCacheBehavior [ RunTime:0.000977s ]
INFO: [ app_begin ] --END-- [ RunTime:0.001954s ]
SQL: SHOW COLUMNS FROM `dt_auth_group_access` [ RunTime:0.0029s ]
SQL: SELECT `uid`,`group_id`,`title`,`rules` FROM dt_auth_group_access a INNER JOIN dt_auth_group g on a.group_id=g.id  WHERE ( a.uid='88' and g.status='1' )  [ RunTime:0.0088s ]
SQL: SHOW COLUMNS FROM `dt_auth_rule` [ RunTime:0.0049s ]
SQL: SELECT `condition`,`name` FROM `dt_auth_rule` WHERE `id` IN ('6','96','20','1','2','3','4','5','64','7','8','9','10','11','12','13','14','15','16','123','124','125','19','164','104','105','106','108','118','153','109','110','111','112','117','148','149','150','185','134','135','136','137','139','151','182','183','184','186','161','165','166','167','147','162','163','179','180','181','157','158','168','169','171','172','173','174','175','176','177','178') AND `type` = 1 AND `status` = 1  [ RunTime:0.0010s ]
SQL: SHOW COLUMNS FROM `dt_member` [ RunTime:0.0059s ]
SQL: SELECT * FROM `dt_member` WHERE `id` = 88892 LIMIT 1   [ RunTime:0.0020s ]
SQL: SHOW COLUMNS FROM `dt_level` [ RunTime:0.0039s ]
NOTIC: [2048] Only variables should be passed by reference E:\github\mx_renwu\ThinkPHP\Library\Think\Db\Driver.class.php 第 769 行.
SQL: SELECT * FROM `dt_level` ORDER BY `id` asc  [ RunTime:0.0000s ]
INFO: [ view_parse ] --START--
INFO: [ template_filter ] --START--
INFO: Run Behavior\ContentReplaceBehavior [ RunTime:0.000000s ]
INFO: [ template_filter ] --END-- [ RunTime:0.001954s ]
INFO: Run Behavior\ParseTemplateBehavior [ RunTime:0.038086s ]
INFO: [ view_parse ] --END-- [ RunTime:0.038086s ]
INFO: [ view_filter ] --START--
INFO: Run Behavior\WriteHtmlCacheBehavior [ RunTime:0.000976s ]
INFO: [ view_filter ] --END-- [ RunTime:0.000976s ]
INFO: [ app_end ] --START--
INFO: Run Behavior\ShowPageTraceBehavior [ RunTime:0.001953s ]
INFO: [ app_end ] --END-- [ RunTime:0.001953s ]

[ 2020-02-17T13:16:59+08:00 ] 127.0.0.1 /index.php/Admin/Member/handle/id/88892/role/1.html
INFO: [ app_init ] --START--
INFO: Run Behavior\BuildLiteBehavior [ RunTime:0.000000s ]
INFO: [ app_init ] --END-- [ RunTime:0.001953s ]
INFO: [ app_begin ] --START--
INFO: Run Behavior\ReadHtmlCacheBehavior [ RunTime:0.001953s ]
INFO: [ app_begin ] --END-- [ RunTime:0.001953s ]
SQL: SHOW COLUMNS FROM `dt_auth_group_access` [ RunTime:0.0029s ]
SQL: SELECT `uid`,`group_id`,`title`,`rules` FROM dt_auth_group_access a INNER JOIN dt_auth_group g on a.group_id=g.id  WHERE ( a.uid='88' and g.status='1' )  [ RunTime:0.0020s ]
SQL: SHOW COLUMNS FROM `dt_auth_rule` [ RunTime:0.0020s ]
SQL: SELECT `condition`,`name` FROM `dt_auth_rule` WHERE `id` IN ('6','96','20','1','2','3','4','5','64','7','8','9','10','11','12','13','14','15','16','123','124','125','19','164','104','105','106','108','118','153','109','110','111','112','117','148','149','150','185','134','135','136','137','139','151','182','183','184','186','161','165','166','167','147','162','163','179','180','181','157','158','168','169','171','172','173','174','175','176','177','178') AND `type` = 1 AND `status` = 1  [ RunTime:0.0010s ]
SQL: SHOW COLUMNS FROM `dt_member` [ RunTime:0.0039s ]
SQL: UPDATE `dt_member` SET `role`='0',`nickname`='戴昭金',`phone`='',`sex`='0',`address`='',`password`='d7a31ea0e38dc781ad32a5a94d6b48cc',`level`='0',`remark`='' WHERE `id` = 88892 [ RunTime:0.0322s ]

[ 2020-02-17T13:16:59+08:00 ] 127.0.0.1 /index.php/Admin/Member/index.html
INFO: [ app_init ] --START--
INFO: Run Behavior\BuildLiteBehavior [ RunTime:0.000000s ]
INFO: [ app_init ] --END-- [ RunTime:0.001953s ]
INFO: [ app_begin ] --START--
INFO: Run Behavior\ReadHtmlCacheBehavior [ RunTime:0.000976s ]
INFO: [ app_begin ] --END-- [ RunTime:0.000976s ]
SQL: SHOW COLUMNS FROM `dt_auth_group_access` [ RunTime:0.0039s ]
SQL: SELECT `uid`,`group_id`,`title`,`rules` FROM dt_auth_group_access a INNER JOIN dt_auth_group g on a.group_id=g.id  WHERE ( a.uid='88' and g.status='1' )  [ RunTime:0.0059s ]
SQL: SHOW COLUMNS FROM `dt_auth_rule` [ RunTime:0.0029s ]
SQL: SELECT `condition`,`name` FROM `dt_auth_rule` WHERE `id` IN ('6','96','20','1','2','3','4','5','64','7','8','9','10','11','12','13','14','15','16','123','124','125','19','164','104','105','106','108','118','153','109','110','111','112','117','148','149','150','185','134','135','136','137','139','151','182','183','184','186','161','165','166','167','147','162','163','179','180','181','157','158','168','169','171','172','173','174','175','176','177','178') AND `type` = 1 AND `status` = 1  [ RunTime:0.0020s ]
SQL: SHOW COLUMNS FROM `dt_member` [ RunTime:0.0039s ]
SQL: SHOW COLUMNS FROM `dt_level` [ RunTime:0.0049s ]
SQL: SELECT COUNT(*) AS tp_count FROM `dt_member` LIMIT 1   [ RunTime:0.0010s ]
SQL: SHOW COLUMNS FROM `dt_level` [ RunTime:0.0010s ]
NOTIC: [2048] Only variables should be passed by reference E:\github\mx_renwu\ThinkPHP\Library\Think\Db\Driver.class.php 第 769 行.
SQL: SELECT * FROM `dt_level` ORDER BY `id` asc  [ RunTime:0.0000s ]
SQL: SELECT COUNT(*) AS tp_count FROM `dt_member` WHERE `level` = 0 LIMIT 1   [ RunTime:0.0010s ]
SQL: SELECT COUNT(*) AS tp_count FROM `dt_member` WHERE `level` = 1 LIMIT 1   [ RunTime:0.0010s ]
SQL: SELECT COUNT(*) AS tp_count FROM `dt_member` WHERE `level` = 2 LIMIT 1   [ RunTime:0.0000s ]
SQL: SELECT COUNT(*) AS tp_count FROM `dt_member` WHERE `level` = 3 LIMIT 1   [ RunTime:0.0010s ]
NOTIC: [8] Undefined variable: map E:\github\mx_renwu\Application\Common\Controller\AdminBaseController.class.php 第 112 行.
SQL: SELECT COUNT(*) AS tp_count FROM `dt_member` LIMIT 1   [ RunTime:0.0010s ]
NOTIC: [2048] Only variables should be passed by reference E:\github\mx_renwu\ThinkPHP\Library\Think\Db\Driver.class.php 第 769 行.
SQL: SELECT * FROM `dt_member` ORDER BY `id` desc LIMIT 0,30   [ RunTime:0.0010s ]
SQL: SELECT COUNT(*) AS tp_count FROM `dt_member` WHERE ( p1=88892 or p2=88892 or p3=88892 ) LIMIT 1   [ RunTime:0.0010s ]
SQL: SELECT COUNT(*) AS tp_count FROM `dt_member` WHERE ( p1=88891 or p2=88891 or p3=88891 ) LIMIT 1   [ RunTime:0.0000s ]
SQL: SELECT COUNT(*) AS tp_count FROM `dt_member` WHERE ( p1=88890 or p2=88890 or p3=88890 ) LIMIT 1   [ RunTime:0.0000s ]
SQL: SELECT COUNT(*) AS tp_count FROM `dt_member` WHERE ( p1=88889 or p2=88889 or p3=88889 ) LIMIT 1   [ RunTime:0.0010s ]
SQL: SELECT COUNT(*) AS tp_count FROM `dt_member` WHERE ( p1=88888 or p2=88888 or p3=88888 ) LIMIT 1   [ RunTime:0.0010s ]
NOTIC: [2048] Only variables should be passed by reference E:\github\mx_renwu\ThinkPHP\Library\Think\Db\Driver.class.php 第 769 行.
SQL: SELECT * FROM `dt_level` ORDER BY `id` asc  [ RunTime:0.0000s ]
INFO: [ view_parse ] --START--
INFO: [ template_filter ] --START--
INFO: Run Behavior\ContentReplaceBehavior [ RunTime:0.000977s ]
INFO: [ template_filter ] --END-- [ RunTime:0.000977s ]
NOTIC: [8] Undefined index: level E:\github\mx_renwu\Runtime\Cache\Admin\c36ad2088ecfedbb1e6e6aebc8965af2.php 第 55 行.
NOTIC: [8] Undefined index: level E:\github\mx_renwu\Runtime\Cache\Admin\c36ad2088ecfedbb1e6e6aebc8965af2.php 第 56 行.
NOTIC: [8] Use of undefined constant level - assumed 'level' E:\github\mx_renwu\Runtime\Cache\Admin\c36ad2088ecfedbb1e6e6aebc8965af2.php 第 56 行.
NOTIC: [8] Undefined index: level E:\github\mx_renwu\Runtime\Cache\Admin\c36ad2088ecfedbb1e6e6aebc8965af2.php 第 56 行.
NOTIC: [8] Undefined index: level E:\github\mx_renwu\Runtime\Cache\Admin\c36ad2088ecfedbb1e6e6aebc8965af2.php 第 56 行.
NOTIC: [8] Use of undefined constant level - assumed 'level' E:\github\mx_renwu\Runtime\Cache\Admin\c36ad2088ecfedbb1e6e6aebc8965af2.php 第 56 行.
NOTIC: [8] Undefined index: level E:\github\mx_renwu\Runtime\Cache\Admin\c36ad2088ecfedbb1e6e6aebc8965af2.php 第 56 行.
NOTIC: [8] Use of undefined constant level - assumed 'level' E:\github\mx_renwu\Runtime\Cache\Admin\c36ad2088ecfedbb1e6e6aebc8965af2.php 第 56 行.
NOTIC: [8] Undefined index: level E:\github\mx_renwu\Runtime\Cache\Admin\c36ad2088ecfedbb1e6e6aebc8965af2.php 第 56 行.
NOTIC: [8] Use of undefined constant level - assumed 'level' E:\github\mx_renwu\Runtime\Cache\Admin\c36ad2088ecfedbb1e6e6aebc8965af2.php 第 56 行.
NOTIC: [8] Undefined index: id E:\github\mx_renwu\Runtime\Cache\Admin\c36ad2088ecfedbb1e6e6aebc8965af2.php 第 65 行.
NOTIC: [8] Undefined index: keywords E:\github\mx_renwu\Runtime\Cache\Admin\c36ad2088ecfedbb1e6e6aebc8965af2.php 第 71 行.
NOTIC: [8] Undefined index: start_date E:\github\mx_renwu\Runtime\Cache\Admin\c36ad2088ecfedbb1e6e6aebc8965af2.php 第 76 行.
NOTIC: [8] Undefined index: end_date E:\github\mx_renwu\Runtime\Cache\Admin\c36ad2088ecfedbb1e6e6aebc8965af2.php 第 78 行.
NOTIC: [8] Undefined index: is_area E:\github\mx_renwu\Runtime\Cache\Admin\c36ad2088ecfedbb1e6e6aebc8965af2.php 第 81 行.
INFO: Run Behavior\ParseTemplateBehavior [ RunTime:0.070312s ]
INFO: [ view_parse ] --END-- [ RunTime:0.071289s ]
INFO: [ view_filter ] --START--
INFO: Run Behavior\WriteHtmlCacheBehavior [ RunTime:0.001953s ]
INFO: [ view_filter ] --END-- [ RunTime:0.001953s ]
INFO: [ app_end ] --START--
INFO: Run Behavior\ShowPageTraceBehavior [ RunTime:0.001953s ]
INFO: [ app_end ] --END-- [ RunTime:0.001953s ]

