[ 2019-12-26T00:17:27+08:00 ] 218.201.184.233 /index.php/Api/Iweipay/pay/order_no/C88888C26906476042606/payment_type/alipay.html
INFO: [ app_init ] --START--
INFO: Run Behavior\BuildLiteBehavior [ RunTime:0.000013s ]
INFO: [ app_init ] --END-- [ RunTime:0.000383s ]
INFO: [ app_begin ] --START--
INFO: Run Behavior\ReadHtmlCacheBehavior [ RunTime:0.000497s ]
INFO: [ app_begin ] --END-- [ RunTime:0.000551s ]
SQL: SHOW COLUMNS FROM `dt_recharge` [ RunTime:0.0008s ]
SQL: SELECT * FROM `dt_recharge` WHERE `order_no` = 'C88888C26906476042606' LIMIT 1   [ RunTime:0.0004s ]
INFO: [ app_end ] --START--
INFO: Run Behavior\ShowPageTraceBehavior [ RunTime:0.000512s ]
INFO: [ app_end ] --END-- [ RunTime:0.000558s ]

[ 2019-12-26T00:17:47+08:00 ] 42.236.10.75 /index.php/Api/Iweipay/pay/order_no/C88888C26906476042606/payment_type/alipay.html
INFO: [ app_init ] --START--
INFO: Run Behavior\BuildLiteBehavior [ RunTime:0.000013s ]
INFO: [ app_init ] --END-- [ RunTime:0.000346s ]
INFO: [ app_begin ] --START--
INFO: Run Behavior\ReadHtmlCacheBehavior [ RunTime:0.000476s ]
INFO: [ app_begin ] --END-- [ RunTime:0.000523s ]
SQL: SHOW COLUMNS FROM `dt_recharge` [ RunTime:0.0008s ]
SQL: SELECT * FROM `dt_recharge` WHERE `order_no` = 'C88888C26906476042606' LIMIT 1   [ RunTime:0.0003s ]
INFO: [ app_end ] --START--
INFO: Run Behavior\ShowPageTraceBehavior [ RunTime:0.000489s ]
INFO: [ app_end ] --END-- [ RunTime:0.000535s ]

[ 2019-12-26T00:18:17+08:00 ] 42.236.10.84 /index.php/Api/Iweipay/pay/order_no/C88888C26906476042606/payment_type/alipay.html
INFO: [ app_init ] --START--
INFO: Run Behavior\BuildLiteBehavior [ RunTime:0.000019s ]
INFO: [ app_init ] --END-- [ RunTime:0.000487s ]
INFO: [ app_begin ] --START--
INFO: Run Behavior\ReadHtmlCacheBehavior [ RunTime:0.000619s ]
INFO: [ app_begin ] --END-- [ RunTime:0.000684s ]
SQL: SHOW COLUMNS FROM `dt_recharge` [ RunTime:0.0011s ]
SQL: SELECT * FROM `dt_recharge` WHERE `order_no` = 'C88888C26906476042606' LIMIT 1   [ RunTime:0.0003s ]
INFO: [ app_end ] --START--
INFO: Run Behavior\ShowPageTraceBehavior [ RunTime:0.000640s ]
INFO: [ app_end ] --END-- [ RunTime:0.000698s ]

[ 2019-12-26T00:18:17+08:00 ] 42.236.10.84 /index.php/Api/Iweipay/pay/order_no/C88888C26906476042606/payment_type/alipay.html
INFO: [ app_init ] --START--
INFO: Run Behavior\BuildLiteBehavior [ RunTime:0.000014s ]
INFO: [ app_init ] --END-- [ RunTime:0.000397s ]
INFO: [ app_begin ] --START--
INFO: Run Behavior\ReadHtmlCacheBehavior [ RunTime:0.000521s ]
INFO: [ app_begin ] --END-- [ RunTime:0.000574s ]
SQL: SHOW COLUMNS FROM `dt_recharge` [ RunTime:0.0009s ]
SQL: SELECT * FROM `dt_recharge` WHERE `order_no` = 'C88888C26906476042606' LIMIT 1   [ RunTime:0.0003s ]
INFO: [ app_end ] --START--
INFO: Run Behavior\ShowPageTraceBehavior [ RunTime:0.000506s ]
INFO: [ app_end ] --END-- [ RunTime:0.000558s ]

[ 2019-12-26T02:18:36+08:00 ] 61.129.7.254 /index.php/Api/Iweipay/pay/order_no/C88888C26979161599396/payment_type/alipay.html
INFO: [ app_init ] --START--
INFO: Run Behavior\BuildLiteBehavior [ RunTime:0.000015s ]
INFO: [ app_init ] --END-- [ RunTime:0.000444s ]
INFO: [ app_begin ] --START--
INFO: Run Behavior\ReadHtmlCacheBehavior [ RunTime:0.000608s ]
INFO: [ app_begin ] --END-- [ RunTime:0.000672s ]
SQL: SHOW COLUMNS FROM `dt_recharge` [ RunTime:0.0006s ]
SQL: SELECT * FROM `dt_recharge` WHERE `order_no` = 'C88888C26979161599396' LIMIT 1   [ RunTime:0.0003s ]
INFO: [ app_end ] --START--
INFO: Run Behavior\ShowPageTraceBehavior [ RunTime:0.000530s ]
INFO: [ app_end ] --END-- [ RunTime:0.000580s ]

[ 2019-12-26T02:18:50+08:00 ] 61.129.7.254 /index.php/Api/Iweipay/pay/order_no/C88888C26979301963081/payment_type/alipay.html
INFO: [ app_init ] --START--
INFO: Run Behavior\BuildLiteBehavior [ RunTime:0.000015s ]
INFO: [ app_init ] --END-- [ RunTime:0.000455s ]
INFO: [ app_begin ] --START--
INFO: Run Behavior\ReadHtmlCacheBehavior [ RunTime:0.000594s ]
INFO: [ app_begin ] --END-- [ RunTime:0.000658s ]
SQL: SHOW COLUMNS FROM `dt_recharge` [ RunTime:0.0006s ]
SQL: SELECT * FROM `dt_recharge` WHERE `order_no` = 'C88888C26979301963081' LIMIT 1   [ RunTime:0.0003s ]
INFO: [ app_end ] --START--
INFO: Run Behavior\ShowPageTraceBehavior [ RunTime:0.000552s ]
INFO: [ app_end ] --END-- [ RunTime:0.000600s ]

[ 2019-12-26T02:18:59+08:00 ] 61.129.7.254 /index.php/Api/Iweipay/pay/order_no/C88888C26979392985556/payment_type/wxpay.html
INFO: [ app_init ] --START--
INFO: Run Behavior\BuildLiteBehavior [ RunTime:0.000012s ]
INFO: [ app_init ] --END-- [ RunTime:0.000333s ]
INFO: [ app_begin ] --START--
INFO: Run Behavior\ReadHtmlCacheBehavior [ RunTime:0.000451s ]
INFO: [ app_begin ] --END-- [ RunTime:0.000499s ]
SQL: SHOW COLUMNS FROM `dt_recharge` [ RunTime:0.0010s ]
SQL: SELECT * FROM `dt_recharge` WHERE `order_no` = 'C88888C26979392985556' LIMIT 1   [ RunTime:0.0005s ]
INFO: [ app_end ] --START--
INFO: Run Behavior\ShowPageTraceBehavior [ RunTime:0.000752s ]
INFO: [ app_end ] --END-- [ RunTime:0.000832s ]

[ 2019-12-26T03:46:51+08:00 ] 222.175.7.85 /index.php/Api/Iweipay/pay/order_no/C88888C26032117199423/payment_type/alipay.html
INFO: [ app_init ] --START--
INFO: Run Behavior\BuildLiteBehavior [ RunTime:0.000012s ]
INFO: [ app_init ] --END-- [ RunTime:0.000338s ]
INFO: [ app_begin ] --START--
INFO: Run Behavior\ReadHtmlCacheBehavior [ RunTime:0.000473s ]
INFO: [ app_begin ] --END-- [ RunTime:0.000521s ]
SQL: SHOW COLUMNS FROM `dt_recharge` [ RunTime:0.0007s ]
SQL: SELECT * FROM `dt_recharge` WHERE `order_no` = 'C88888C26032117199423' LIMIT 1   [ RunTime:0.0004s ]
INFO: [ app_end ] --START--
INFO: Run Behavior\ShowPageTraceBehavior [ RunTime:0.000511s ]
INFO: [ app_end ] --END-- [ RunTime:0.000556s ]

[ 2019-12-26T04:06:28+08:00 ] 222.175.7.85 /index.php/Api/Iweipay/pay/order_no/C88888C26043887982111/payment_type/alipay.html
INFO: [ app_init ] --START--
INFO: Run Behavior\BuildLiteBehavior [ RunTime:0.000012s ]
INFO: [ app_init ] --END-- [ RunTime:0.000333s ]
INFO: [ app_begin ] --START--
INFO: Run Behavior\ReadHtmlCacheBehavior [ RunTime:0.000450s ]
INFO: [ app_begin ] --END-- [ RunTime:0.000498s ]
SQL: SHOW COLUMNS FROM `dt_recharge` [ RunTime:0.0008s ]
SQL: SELECT * FROM `dt_recharge` WHERE `order_no` = 'C88888C26043887982111' LIMIT 1   [ RunTime:0.0004s ]
INFO: [ app_end ] --START--
INFO: Run Behavior\ShowPageTraceBehavior [ RunTime:0.000504s ]
INFO: [ app_end ] --END-- [ RunTime:0.000554s ]

[ 2019-12-26T04:53:06+08:00 ] 222.175.7.85 /Api/Iweipay/notify
INFO: [ app_init ] --START--
INFO: Run Behavior\BuildLiteBehavior [ RunTime:0.000013s ]
INFO: [ app_init ] --END-- [ RunTime:0.000343s ]
INFO: [ app_begin ] --START--
INFO: Run Behavior\ReadHtmlCacheBehavior [ RunTime:0.000470s ]
INFO: [ app_begin ] --END-- [ RunTime:0.000517s ]
NOTIC: [8] Undefined index: pid /www/wwwroot/1lc.blxld.com/Application/Api/Controller/IweipayController.class.php 第 73 行.
NOTIC: [8] Undefined index: trade_no /www/wwwroot/1lc.blxld.com/Application/Api/Controller/IweipayController.class.php 第 74 行.
NOTIC: [8] Undefined index: out_trade_no /www/wwwroot/1lc.blxld.com/Application/Api/Controller/IweipayController.class.php 第 75 行.
NOTIC: [8] Undefined index: type /www/wwwroot/1lc.blxld.com/Application/Api/Controller/IweipayController.class.php 第 76 行.
NOTIC: [8] Undefined index: name /www/wwwroot/1lc.blxld.com/Application/Api/Controller/IweipayController.class.php 第 77 行.
NOTIC: [8] Undefined index: money /www/wwwroot/1lc.blxld.com/Application/Api/Controller/IweipayController.class.php 第 78 行.
NOTIC: [8] Undefined index: trade_status /www/wwwroot/1lc.blxld.com/Application/Api/Controller/IweipayController.class.php 第 79 行.
NOTIC: [8] Undefined index: sign /www/wwwroot/1lc.blxld.com/Application/Api/Controller/IweipayController.class.php 第 98 行.

[ 2019-12-26T04:57:51+08:00 ] 47.93.150.107 /Api/Iweipay/notify
INFO: [ app_init ] --START--
INFO: Run Behavior\BuildLiteBehavior [ RunTime:0.000015s ]
INFO: [ app_init ] --END-- [ RunTime:0.000429s ]
INFO: [ app_begin ] --START--
INFO: Run Behavior\ReadHtmlCacheBehavior [ RunTime:0.000595s ]
INFO: [ app_begin ] --END-- [ RunTime:0.000656s ]

[ 2019-12-26T05:02:07+08:00 ] 222.175.7.85 /Api/Iweipay/notify
INFO: [ app_init ] --START--
INFO: Run Behavior\BuildLiteBehavior [ RunTime:0.000016s ]
INFO: [ app_init ] --END-- [ RunTime:0.000445s ]
INFO: [ app_begin ] --START--
INFO: Run Behavior\ReadHtmlCacheBehavior [ RunTime:0.000733s ]
INFO: [ app_begin ] --END-- [ RunTime:0.000797s ]
NOTIC: [8] Undefined index: sign /www/wwwroot/1lc.blxld.com/Application/Api/Controller/IweipayController.class.php 第 109 行.
NOTIC: [8] Undefined variable: key /www/wwwroot/1lc.blxld.com/Application/Api/Controller/IweipayController.class.php 第 109 行.
NOTIC: [8] Undefined index: trade_status /www/wwwroot/1lc.blxld.com/Application/Api/Controller/IweipayController.class.php 第 113 行.

[ 2019-12-26T05:03:48+08:00 ] 222.175.7.85 /Api/Iweipay/notify
INFO: [ app_init ] --START--
INFO: Run Behavior\BuildLiteBehavior [ RunTime:0.000012s ]
INFO: [ app_init ] --END-- [ RunTime:0.000363s ]
INFO: [ app_begin ] --START--
INFO: Run Behavior\ReadHtmlCacheBehavior [ RunTime:0.000455s ]
INFO: [ app_begin ] --END-- [ RunTime:0.000505s ]
SQL: SHOW COLUMNS FROM `dt_recharge` [ RunTime:0.0010s ]
SQL: SELECT * FROM `dt_recharge` WHERE `order_no` = 'C88888C26074478930595' LIMIT 1   [ RunTime:0.0005s ]
SQL: SHOW COLUMNS FROM `dt_pay` [ RunTime:0.0008s ]
SQL: SELECT * FROM `dt_recharge` WHERE `id` = 24 LIMIT 1   [ RunTime:0.0004s ]
SQL: UPDATE `dt_recharge` SET `is_pay`='1' WHERE `id` = 24 [ RunTime:0.0004s ]
SQL: SHOW COLUMNS FROM `dt_pay` [ RunTime:0.0008s ]
SQL: INSERT INTO `dt_pay` (`type`,`order_id`,`order_no`,`member_id`,`price`,`create_time`,`payment_type`,`platform_no`) VALUES ('0','24','C88888C26074478930595','88888','50.00','1577307828','alipay','C88888C26074478930595') [ RunTime:0.0005s ]
SQL: SHOW COLUMNS FROM `dt_member` [ RunTime:0.0011s ]
SQL: SHOW COLUMNS FROM `dt_member` [ RunTime:0.0010s ]
SQL: UPDATE `dt_member` SET `price`=price+50.00 WHERE `id` = 88888 [ RunTime:0.0004s ]
SQL: UPDATE `dt_member` SET `total_price`=total_price+50.00 WHERE `id` = 88888 [ RunTime:0.0004s ]
SQL: SHOW COLUMNS FROM `dt_member_price_log` [ RunTime:0.0008s ]
SQL: INSERT INTO `dt_member_price_log` (`member_id`,`price`,`remark`,`create_time`,`type`,`no`) VALUES ('88888','50.00','充值','1577307828','1','24') [ RunTime:0.0004s ]
SQL: SHOW COLUMNS FROM `dt_notice` [ RunTime:0.0008s ]
SQL: SHOW COLUMNS FROM `dt_notice` [ RunTime:0.0008s ]
SQL: INSERT INTO `dt_notice` (`member_id`,`msg`,`create_time`,`has_view`) VALUES ('88888','充值成功，充值金额50.00','1577307828','0') [ RunTime:0.0004s ]
INFO: [ app_end ] --START--
INFO: Run Behavior\ShowPageTraceBehavior [ RunTime:0.000632s ]
INFO: [ app_end ] --END-- [ RunTime:0.000694s ]

[ 2019-12-26T05:03:49+08:00 ] 222.175.7.85 /Api/Iweipay/notify
INFO: [ app_init ] --START--
INFO: Run Behavior\BuildLiteBehavior [ RunTime:0.000011s ]
INFO: [ app_init ] --END-- [ RunTime:0.000341s ]
INFO: [ app_begin ] --START--
INFO: Run Behavior\ReadHtmlCacheBehavior [ RunTime:0.000454s ]
INFO: [ app_begin ] --END-- [ RunTime:0.000501s ]
SQL: SHOW COLUMNS FROM `dt_recharge` [ RunTime:0.0009s ]
SQL: SELECT * FROM `dt_recharge` WHERE `order_no` = 'C88888C26074478930595' LIMIT 1   [ RunTime:0.0004s ]
SQL: SHOW COLUMNS FROM `dt_pay` [ RunTime:0.0008s ]
SQL: SELECT * FROM `dt_recharge` WHERE `id` = 24 LIMIT 1   [ RunTime:0.0004s ]
INFO: [ app_end ] --START--
INFO: Run Behavior\ShowPageTraceBehavior [ RunTime:0.000677s ]
INFO: [ app_end ] --END-- [ RunTime:0.000738s ]

[ 2019-12-26T05:03:51+08:00 ] 222.175.7.85 /Api/Iweipay/notify
INFO: [ app_init ] --START--
INFO: Run Behavior\BuildLiteBehavior [ RunTime:0.000021s ]
INFO: [ app_init ] --END-- [ RunTime:0.000431s ]
INFO: [ app_begin ] --START--
INFO: Run Behavior\ReadHtmlCacheBehavior [ RunTime:0.000510s ]
INFO: [ app_begin ] --END-- [ RunTime:0.000571s ]
SQL: SHOW COLUMNS FROM `dt_recharge` [ RunTime:0.0008s ]
SQL: SELECT * FROM `dt_recharge` WHERE `order_no` = 'C88888C26074478930595' LIMIT 1   [ RunTime:0.0002s ]
SQL: SHOW COLUMNS FROM `dt_pay` [ RunTime:0.0007s ]
SQL: SELECT * FROM `dt_recharge` WHERE `id` = 24 LIMIT 1   [ RunTime:0.0002s ]
INFO: [ app_end ] --START--
INFO: Run Behavior\ShowPageTraceBehavior [ RunTime:0.000684s ]
INFO: [ app_end ] --END-- [ RunTime:0.000744s ]

[ 2019-12-26T05:04:04+08:00 ] 222.175.7.85 /Api/Iweipay/notify
INFO: [ app_init ] --START--
INFO: Run Behavior\BuildLiteBehavior [ RunTime:0.000012s ]
INFO: [ app_init ] --END-- [ RunTime:0.000355s ]
INFO: [ app_begin ] --START--
INFO: Run Behavior\ReadHtmlCacheBehavior [ RunTime:0.000481s ]
INFO: [ app_begin ] --END-- [ RunTime:0.000529s ]
SQL: SHOW COLUMNS FROM `dt_recharge` [ RunTime:0.0010s ]
SQL: SELECT * FROM `dt_recharge` WHERE `order_no` = 'C88888C26074478930595' LIMIT 1   [ RunTime:0.0003s ]
SQL: SHOW COLUMNS FROM `dt_pay` [ RunTime:0.0008s ]
SQL: SELECT * FROM `dt_recharge` WHERE `id` = 24 LIMIT 1   [ RunTime:0.0003s ]
INFO: [ app_end ] --START--
INFO: Run Behavior\ShowPageTraceBehavior [ RunTime:0.000657s ]
INFO: [ app_end ] --END-- [ RunTime:0.000717s ]

[ 2019-12-26T05:31:09+08:00 ] 47.93.150.107 /Api/Iweipay/notify
INFO: [ app_init ] --START--
INFO: Run Behavior\BuildLiteBehavior [ RunTime:0.000016s ]
INFO: [ app_init ] --END-- [ RunTime:0.000449s ]
INFO: [ app_begin ] --START--
INFO: Run Behavior\ReadHtmlCacheBehavior [ RunTime:0.000606s ]
INFO: [ app_begin ] --END-- [ RunTime:0.000672s ]
SQL: SHOW COLUMNS FROM `dt_recharge` [ RunTime:0.0009s ]
SQL: SELECT * FROM `dt_recharge` WHERE `order_no` = 'C88888C26074478930595' LIMIT 1   [ RunTime:0.0003s ]
SQL: SHOW COLUMNS FROM `dt_pay` [ RunTime:0.0007s ]
SQL: SELECT * FROM `dt_recharge` WHERE `id` = 24 LIMIT 1   [ RunTime:0.0003s ]
INFO: [ app_end ] --START--
INFO: Run Behavior\ShowPageTraceBehavior [ RunTime:0.000609s ]
INFO: [ app_end ] --END-- [ RunTime:0.000669s ]

