[ 2019-10-01T18:11:51+08:00 ] 127.0.0.1 /index.php/Api/Iweipay/pay/order_no/VIPC88888A01247116093111/payment_type/wxpay.html
INFO: [ app_init ] --START--
INFO: Run Behavior\BuildLiteBehavior [ RunTime:0.000000s ]
INFO: [ app_init ] --END-- [ RunTime:0.001000s ]
INFO: [ app_begin ] --START--
INFO: Run Behavior\ReadHtmlCacheBehavior [ RunTime:0.000000s ]
INFO: [ app_begin ] --END-- [ RunTime:0.000000s ]
SQL: SHOW COLUMNS FROM `dt_recharge` [ RunTime:0.0010s ]
SQL: SELECT * FROM `dt_recharge` WHERE `order_no` = 'VIPC88888A01247116093111' LIMIT 1   [ RunTime:0.0000s ]
INFO: [ app_end ] --START--
INFO: Run Behavior\ShowPageTraceBehavior [ RunTime:0.001000s ]
INFO: [ app_end ] --END-- [ RunTime:0.001000s ]

[ 2019-10-01T18:12:43+08:00 ] 127.0.0.1 /index.php/Api/Iweipay/notify?money=188.00&name=%E5%85%85%E5%80%BCVIP&out_trade_no=1569924711&pid=1667&trade_no=2019100118123070031&trade_status=TRADE_FAIL&type=wxpay&sign=65b563ffa5f2ec561ea3629f78572a3f&sign_type=MD5
INFO: [ app_init ] --START--
INFO: Run Behavior\BuildLiteBehavior [ RunTime:0.000000s ]
INFO: [ app_init ] --END-- [ RunTime:0.001000s ]
INFO: [ app_begin ] --START--
INFO: Run Behavior\ReadHtmlCacheBehavior [ RunTime:0.000000s ]
INFO: [ app_begin ] --END-- [ RunTime:0.000000s ]

[ 2019-10-01T18:12:59+08:00 ] 127.0.0.1 /index.php/Api/Iweipay/notify?money=188.00&name=%E5%85%85%E5%80%BCVIP&out_trade_no=1569924711&pid=1667&trade_no=2019100118123070031&trade_status=TRADE_FAIL&type=wxpay&sign=65b563ffa5f2ec561ea3629f78572a3f&sign_type=MD5
INFO: [ app_init ] --START--
INFO: Run Behavior\BuildLiteBehavior [ RunTime:0.000000s ]
INFO: [ app_init ] --END-- [ RunTime:0.001000s ]
INFO: [ app_begin ] --START--
INFO: Run Behavior\ReadHtmlCacheBehavior [ RunTime:0.001000s ]
INFO: [ app_begin ] --END-- [ RunTime:0.001000s ]

